  [1m[35m (505.6ms)[0m  [1m[35mCREATE DATABASE "good_night_development" ENCODING = 'unicode'[0m
  ↳ /Users/mark/.rvm/gems/ruby-2.5.1/bin/rake:23
  [1m[35m (411.7ms)[0m  [1m[35mCREATE DATABASE "good_night_test" ENCODING = 'unicode'[0m
  ↳ /Users/mark/.rvm/gems/ruby-2.5.1/bin/rake:23
  [1m[35m (26.6ms)[0m  [1m[35mCREATE TABLE "schema_migrations" ("version" character varying NOT NULL PRIMARY KEY)[0m
  ↳ /Users/mark/.rvm/gems/ruby-2.5.1/bin/rake:23
  [1m[35m (5.7ms)[0m  [1m[35mCREATE TABLE "ar_internal_metadata" ("key" character varying NOT NULL PRIMARY KEY, "value" character varying, "created_at" timestamp NOT NULL, "updated_at" timestamp NOT NULL)[0m
  ↳ /Users/mark/.rvm/gems/ruby-2.5.1/bin/rake:23
  [1m[35m (0.5ms)[0m  [1m[34mSELECT pg_try_advisory_lock(2084436750814028835)[0m
  ↳ /Users/mark/.rvm/gems/ruby-2.5.1/bin/rake:23
  [1m[35m (0.5ms)[0m  [1m[34mSELECT "schema_migrations"."version" FROM "schema_migrations" ORDER BY "schema_migrations"."version" ASC[0m
  ↳ /Users/mark/.rvm/gems/ruby-2.5.1/bin/rake:23
Migrating to CreateUser (20190621161747)
  [1m[35m (0.1ms)[0m  [1m[35mBEGIN[0m
  ↳ /Users/mark/.rvm/gems/ruby-2.5.1/bin/rake:23
  [1m[35m (7.3ms)[0m  [1m[35mCREATE TABLE "users" ("id" bigserial primary key, "name" character varying NOT NULL)[0m
  ↳ db/migrate/20190621161747_create_user.rb:3
  [1m[35m (1.3ms)[0m  [1m[35mCREATE  INDEX  "index_users_on_name" ON "users"  ("name")[0m
  ↳ db/migrate/20190621161747_create_user.rb:3
  [1m[36mActiveRecord::SchemaMigration Create (1.0ms)[0m  [1m[32mINSERT INTO "schema_migrations" ("version") VALUES ($1) RETURNING "version"[0m  [["version", "20190621161747"]]
  ↳ /Users/mark/.rvm/gems/ruby-2.5.1/bin/rake:23
  [1m[35m (0.2ms)[0m  [1m[35mCOMMIT[0m
  ↳ /Users/mark/.rvm/gems/ruby-2.5.1/bin/rake:23
Migrating to CreateFollowers (20190621161914)
  [1m[35m (0.2ms)[0m  [1m[35mBEGIN[0m
  ↳ /Users/mark/.rvm/gems/ruby-2.5.1/bin/rake:23
  [1m[35m (0.4ms)[0m  [1m[35mCREATE TABLE "followers" ("user_id" integer NOT NULL, "follower_id" integer NOT NULL)[0m
  ↳ db/migrate/20190621161914_create_followers.rb:3
  [1m[35m (2.2ms)[0m  [1m[35mCREATE  INDEX  "index_followers_on_user_id" ON "followers"  ("user_id")[0m
  ↳ db/migrate/20190621161914_create_followers.rb:7
  [1m[36mActiveRecord::SchemaMigration Create (0.2ms)[0m  [1m[32mINSERT INTO "schema_migrations" ("version") VALUES ($1) RETURNING "version"[0m  [["version", "20190621161914"]]
  ↳ /Users/mark/.rvm/gems/ruby-2.5.1/bin/rake:23
  [1m[35m (0.2ms)[0m  [1m[35mCOMMIT[0m
  ↳ /Users/mark/.rvm/gems/ruby-2.5.1/bin/rake:23
Migrating to CreateSleepingRecord (20190621162630)
  [1m[35m (0.1ms)[0m  [1m[35mBEGIN[0m
  ↳ /Users/mark/.rvm/gems/ruby-2.5.1/bin/rake:23
  [1m[35m (7.3ms)[0m  [1m[35mCREATE TABLE "sleeping_records" ("id" bigserial primary key, "user_id" bigint, "check_in_time" timestamp NOT NULL, "check_out_time" timestamp, "date" date, "created_at" timestamp NOT NULL, "updated_at" timestamp NOT NULL, CONSTRAINT "fk_rails_23604f9199"
FOREIGN KEY ("user_id")
  REFERENCES "users" ("id")
)[0m
  ↳ db/migrate/20190621162630_create_sleeping_record.rb:3
  [1m[35m (0.6ms)[0m  [1m[35mCREATE  INDEX  "index_sleeping_records_on_user_id" ON "sleeping_records"  ("user_id")[0m
  ↳ db/migrate/20190621162630_create_sleeping_record.rb:3
  [1m[36mActiveRecord::SchemaMigration Create (0.2ms)[0m  [1m[32mINSERT INTO "schema_migrations" ("version") VALUES ($1) RETURNING "version"[0m  [["version", "20190621162630"]]
  ↳ /Users/mark/.rvm/gems/ruby-2.5.1/bin/rake:23
  [1m[35m (0.2ms)[0m  [1m[35mCOMMIT[0m
  ↳ /Users/mark/.rvm/gems/ruby-2.5.1/bin/rake:23
  [1m[36mActiveRecord::InternalMetadata Load (0.3ms)[0m  [1m[34mSELECT  "ar_internal_metadata".* FROM "ar_internal_metadata" WHERE "ar_internal_metadata"."key" = $1 LIMIT $2[0m  [["key", "environment"], ["LIMIT", 1]]
  ↳ /Users/mark/.rvm/gems/ruby-2.5.1/bin/rake:23
  [1m[35m (0.1ms)[0m  [1m[35mBEGIN[0m
  ↳ /Users/mark/.rvm/gems/ruby-2.5.1/bin/rake:23
  [1m[36mActiveRecord::InternalMetadata Create (4.7ms)[0m  [1m[32mINSERT INTO "ar_internal_metadata" ("key", "value", "created_at", "updated_at") VALUES ($1, $2, $3, $4) RETURNING "key"[0m  [["key", "environment"], ["value", "development"], ["created_at", "2019-06-21 16:35:14.631497"], ["updated_at", "2019-06-21 16:35:14.631497"]]
  ↳ /Users/mark/.rvm/gems/ruby-2.5.1/bin/rake:23
  [1m[35m (0.3ms)[0m  [1m[35mCOMMIT[0m
  ↳ /Users/mark/.rvm/gems/ruby-2.5.1/bin/rake:23
  [1m[35m (0.2ms)[0m  [1m[34mSELECT pg_advisory_unlock(2084436750814028835)[0m
  ↳ /Users/mark/.rvm/gems/ruby-2.5.1/bin/rake:23
  [1m[35m (0.2ms)[0m  [1m[34mSELECT "schema_migrations"."version" FROM "schema_migrations" ORDER BY "schema_migrations"."version" ASC[0m
  ↳ /Users/mark/.rvm/gems/ruby-2.5.1/bin/rake:23
  [1m[35m (0.4ms)[0m  [1m[34mSELECT "schema_migrations"."version" FROM "schema_migrations" ORDER BY "schema_migrations"."version" ASC[0m
  ↳ /Users/mark/.rvm/gems/ruby-2.5.1/bin/rake:23
  [1m[35m (0.2ms)[0m  [1m[34mSELECT "schema_migrations"."version" FROM "schema_migrations" ORDER BY "schema_migrations"."version" ASC[0m
  ↳ /Users/mark/.rvm/gems/ruby-2.5.1/bin/rake:23
  [1m[35m (0.2ms)[0m  [1m[34mSELECT "schema_migrations"."version" FROM "schema_migrations" ORDER BY "schema_migrations"."version" ASC[0m
  ↳ /Users/mark/.rvm/gems/ruby-2.5.1/bin/rake:23
  [1m[35m (0.1ms)[0m  [1m[34mSELECT pg_try_advisory_lock(2084436750814028835)[0m
  ↳ /Users/mark/.rvm/gems/ruby-2.5.1/bin/rake:23
  [1m[35m (0.2ms)[0m  [1m[34mSELECT "schema_migrations"."version" FROM "schema_migrations" ORDER BY "schema_migrations"."version" ASC[0m
  ↳ /Users/mark/.rvm/gems/ruby-2.5.1/bin/rake:23
Migrating to CreateSleepingRecord (20190621162630)
  [1m[35m (0.1ms)[0m  [1m[35mBEGIN[0m
  ↳ /Users/mark/.rvm/gems/ruby-2.5.1/bin/rake:23
  [1m[35m (9.0ms)[0m  [1m[35mDROP TABLE "sleeping_records"[0m
  ↳ /Users/mark/.rvm/gems/ruby-2.5.1/bin/rake:23
  [1m[36mActiveRecord::SchemaMigration Destroy (4.6ms)[0m  [1m[31mDELETE FROM "schema_migrations" WHERE "schema_migrations"."version" = $1[0m  [["version", "20190621162630"]]
  ↳ /Users/mark/.rvm/gems/ruby-2.5.1/bin/rake:23
  [1m[35m (1.2ms)[0m  [1m[35mCOMMIT[0m
  ↳ /Users/mark/.rvm/gems/ruby-2.5.1/bin/rake:23
  [1m[35m (0.4ms)[0m  [1m[34mSELECT pg_advisory_unlock(2084436750814028835)[0m
  ↳ /Users/mark/.rvm/gems/ruby-2.5.1/bin/rake:23
  [1m[35m (0.2ms)[0m  [1m[34mSELECT "schema_migrations"."version" FROM "schema_migrations" ORDER BY "schema_migrations"."version" ASC[0m
  ↳ /Users/mark/.rvm/gems/ruby-2.5.1/bin/rake:23
  [1m[35m (0.5ms)[0m  [1m[34mSELECT "schema_migrations"."version" FROM "schema_migrations" ORDER BY "schema_migrations"."version" ASC[0m
  ↳ /Users/mark/.rvm/gems/ruby-2.5.1/bin/rake:23
  [1m[35m (0.6ms)[0m  [1m[34mSELECT "schema_migrations"."version" FROM "schema_migrations" ORDER BY "schema_migrations"."version" ASC[0m
  ↳ /Users/mark/.rvm/gems/ruby-2.5.1/bin/rake:23
  [1m[35m (0.2ms)[0m  [1m[34mSELECT "schema_migrations"."version" FROM "schema_migrations" ORDER BY "schema_migrations"."version" ASC[0m
  ↳ /Users/mark/.rvm/gems/ruby-2.5.1/bin/rake:23
  [1m[35m (0.2ms)[0m  [1m[34mSELECT "schema_migrations"."version" FROM "schema_migrations" ORDER BY "schema_migrations"."version" ASC[0m
  ↳ /Users/mark/.rvm/gems/ruby-2.5.1/bin/rake:23
  [1m[35m (0.2ms)[0m  [1m[34mSELECT pg_try_advisory_lock(2084436750814028835)[0m
  ↳ /Users/mark/.rvm/gems/ruby-2.5.1/bin/rake:23
  [1m[35m (0.2ms)[0m  [1m[34mSELECT "schema_migrations"."version" FROM "schema_migrations" ORDER BY "schema_migrations"."version" ASC[0m
  ↳ /Users/mark/.rvm/gems/ruby-2.5.1/bin/rake:23
Migrating to CreateFollowers (20190621161914)
  [1m[35m (0.2ms)[0m  [1m[35mBEGIN[0m
  ↳ /Users/mark/.rvm/gems/ruby-2.5.1/bin/rake:23
  [1m[35m (0.6ms)[0m  [1m[35mDROP INDEX  "index_followers_on_user_id"[0m
  ↳ /Users/mark/.rvm/gems/ruby-2.5.1/bin/rake:23
  [1m[35m (0.5ms)[0m  [1m[35mDROP TABLE "followers"[0m
  ↳ /Users/mark/.rvm/gems/ruby-2.5.1/bin/rake:23
  [1m[36mActiveRecord::SchemaMigration Destroy (0.4ms)[0m  [1m[31mDELETE FROM "schema_migrations" WHERE "schema_migrations"."version" = $1[0m  [["version", "20190621161914"]]
  ↳ /Users/mark/.rvm/gems/ruby-2.5.1/bin/rake:23
  [1m[35m (4.2ms)[0m  [1m[35mCOMMIT[0m
  ↳ /Users/mark/.rvm/gems/ruby-2.5.1/bin/rake:23
  [1m[35m (0.2ms)[0m  [1m[34mSELECT pg_advisory_unlock(2084436750814028835)[0m
  ↳ /Users/mark/.rvm/gems/ruby-2.5.1/bin/rake:23
  [1m[35m (0.2ms)[0m  [1m[34mSELECT "schema_migrations"."version" FROM "schema_migrations" ORDER BY "schema_migrations"."version" ASC[0m
  ↳ /Users/mark/.rvm/gems/ruby-2.5.1/bin/rake:23
  [1m[35m (0.1ms)[0m  [1m[34mSELECT pg_try_advisory_lock(2084436750814028835)[0m
  ↳ /Users/mark/.rvm/gems/ruby-2.5.1/bin/rake:23
  [1m[35m (0.5ms)[0m  [1m[34mSELECT "schema_migrations"."version" FROM "schema_migrations" ORDER BY "schema_migrations"."version" ASC[0m
  ↳ /Users/mark/.rvm/gems/ruby-2.5.1/bin/rake:23
Migrating to CreateFollowers (20190621161914)
  [1m[35m (0.1ms)[0m  [1m[35mBEGIN[0m
  ↳ /Users/mark/.rvm/gems/ruby-2.5.1/bin/rake:23
  [1m[35m (1.2ms)[0m  [1m[35mCREATE TABLE "followers" ("user_id" bigint NOT NULL, "follower_id" bigint NOT NULL)[0m
  ↳ db/migrate/20190621161914_create_followers.rb:3
  [1m[35m (0.9ms)[0m  [1m[35mCREATE  INDEX  "index_followers_on_user_id" ON "followers"  ("user_id")[0m
  ↳ db/migrate/20190621161914_create_followers.rb:7
  [1m[36mActiveRecord::SchemaMigration Create (0.3ms)[0m  [1m[32mINSERT INTO "schema_migrations" ("version") VALUES ($1) RETURNING "version"[0m  [["version", "20190621161914"]]
  ↳ /Users/mark/.rvm/gems/ruby-2.5.1/bin/rake:23
  [1m[35m (0.4ms)[0m  [1m[35mCOMMIT[0m
  ↳ /Users/mark/.rvm/gems/ruby-2.5.1/bin/rake:23
Migrating to CreateSleepingRecord (20190621162630)
  [1m[35m (0.1ms)[0m  [1m[35mBEGIN[0m
  ↳ /Users/mark/.rvm/gems/ruby-2.5.1/bin/rake:23
  [1m[35m (4.1ms)[0m  [1m[35mCREATE TABLE "sleeping_records" ("id" bigserial primary key, "user_id" bigint, "check_in_time" timestamp NOT NULL, "check_out_time" timestamp, "date" date, "created_at" timestamp NOT NULL, "updated_at" timestamp NOT NULL, CONSTRAINT "fk_rails_23604f9199"
FOREIGN KEY ("user_id")
  REFERENCES "users" ("id")
)[0m
  ↳ db/migrate/20190621162630_create_sleeping_record.rb:3
  [1m[35m (0.7ms)[0m  [1m[35mCREATE  INDEX  "index_sleeping_records_on_user_id" ON "sleeping_records"  ("user_id")[0m
  ↳ db/migrate/20190621162630_create_sleeping_record.rb:3
  [1m[36mActiveRecord::SchemaMigration Create (0.2ms)[0m  [1m[32mINSERT INTO "schema_migrations" ("version") VALUES ($1) RETURNING "version"[0m  [["version", "20190621162630"]]
  ↳ /Users/mark/.rvm/gems/ruby-2.5.1/bin/rake:23
  [1m[35m (0.3ms)[0m  [1m[35mCOMMIT[0m
  ↳ /Users/mark/.rvm/gems/ruby-2.5.1/bin/rake:23
  [1m[36mActiveRecord::InternalMetadata Load (0.4ms)[0m  [1m[34mSELECT  "ar_internal_metadata".* FROM "ar_internal_metadata" WHERE "ar_internal_metadata"."key" = $1 LIMIT $2[0m  [["key", "environment"], ["LIMIT", 1]]
  ↳ /Users/mark/.rvm/gems/ruby-2.5.1/bin/rake:23
  [1m[35m (0.1ms)[0m  [1m[35mBEGIN[0m
  ↳ /Users/mark/.rvm/gems/ruby-2.5.1/bin/rake:23
  [1m[35m (0.2ms)[0m  [1m[35mCOMMIT[0m
  ↳ /Users/mark/.rvm/gems/ruby-2.5.1/bin/rake:23
  [1m[35m (0.3ms)[0m  [1m[34mSELECT pg_advisory_unlock(2084436750814028835)[0m
  ↳ /Users/mark/.rvm/gems/ruby-2.5.1/bin/rake:23
  [1m[35m (0.3ms)[0m  [1m[34mSELECT "schema_migrations"."version" FROM "schema_migrations" ORDER BY "schema_migrations"."version" ASC[0m
  ↳ /Users/mark/.rvm/gems/ruby-2.5.1/bin/rake:23
  [1m[35m (1.5ms)[0m  [1m[34mSELECT "schema_migrations"."version" FROM "schema_migrations" ORDER BY "schema_migrations"."version" ASC[0m
  ↳ /Users/mark/.rvm/gems/ruby-2.5.1/bin/rake:23
  [1m[35m (0.2ms)[0m  [1m[34mSELECT "schema_migrations"."version" FROM "schema_migrations" ORDER BY "schema_migrations"."version" ASC[0m
  ↳ /Users/mark/.rvm/gems/ruby-2.5.1/bin/rake:23
  [1m[35m (0.2ms)[0m  [1m[34mSELECT "schema_migrations"."version" FROM "schema_migrations" ORDER BY "schema_migrations"."version" ASC[0m
  ↳ /Users/mark/.rvm/gems/ruby-2.5.1/bin/rake:23
  [1m[35m (0.2ms)[0m  [1m[34mSELECT pg_try_advisory_lock(2084436750814028835)[0m
  ↳ /Users/mark/.rvm/gems/ruby-2.5.1/bin/rake:23
  [1m[35m (0.2ms)[0m  [1m[34mSELECT "schema_migrations"."version" FROM "schema_migrations" ORDER BY "schema_migrations"."version" ASC[0m
  ↳ /Users/mark/.rvm/gems/ruby-2.5.1/bin/rake:23
Migrating to CreateSleepingRecord (20190621162630)
  [1m[35m (0.2ms)[0m  [1m[35mBEGIN[0m
  ↳ /Users/mark/.rvm/gems/ruby-2.5.1/bin/rake:23
  [1m[35m (2.1ms)[0m  [1m[35mDROP TABLE "sleeping_records"[0m
  ↳ /Users/mark/.rvm/gems/ruby-2.5.1/bin/rake:23
  [1m[36mActiveRecord::SchemaMigration Destroy (0.4ms)[0m  [1m[31mDELETE FROM "schema_migrations" WHERE "schema_migrations"."version" = $1[0m  [["version", "20190621162630"]]
  ↳ /Users/mark/.rvm/gems/ruby-2.5.1/bin/rake:23
  [1m[35m (6.8ms)[0m  [1m[35mCOMMIT[0m
  ↳ /Users/mark/.rvm/gems/ruby-2.5.1/bin/rake:23
  [1m[35m (0.2ms)[0m  [1m[34mSELECT pg_advisory_unlock(2084436750814028835)[0m
  ↳ /Users/mark/.rvm/gems/ruby-2.5.1/bin/rake:23
  [1m[35m (0.2ms)[0m  [1m[34mSELECT "schema_migrations"."version" FROM "schema_migrations" ORDER BY "schema_migrations"."version" ASC[0m
  ↳ /Users/mark/.rvm/gems/ruby-2.5.1/bin/rake:23
  [1m[35m (0.3ms)[0m  [1m[34mSELECT pg_try_advisory_lock(2084436750814028835)[0m
  ↳ /Users/mark/.rvm/gems/ruby-2.5.1/bin/rake:23
  [1m[35m (0.6ms)[0m  [1m[34mSELECT "schema_migrations"."version" FROM "schema_migrations" ORDER BY "schema_migrations"."version" ASC[0m
  ↳ /Users/mark/.rvm/gems/ruby-2.5.1/bin/rake:23
Migrating to CreateSleepingRecord (20190621162630)
  [1m[35m (0.1ms)[0m  [1m[35mBEGIN[0m
  ↳ /Users/mark/.rvm/gems/ruby-2.5.1/bin/rake:23
  [1m[35m (9.0ms)[0m  [1m[35mCREATE TABLE "sleeping_records" ("id" bigserial primary key, "user_id" bigint NOT NULL, "check_in_time" timestamp NOT NULL, "check_out_time" timestamp, "date" date NOT NULL, "created_at" timestamp NOT NULL, "updated_at" timestamp NOT NULL, CONSTRAINT "fk_rails_23604f9199"
FOREIGN KEY ("user_id")
  REFERENCES "users" ("id")
)[0m
  ↳ db/migrate/20190621162630_create_sleeping_record.rb:3
  [1m[35m (0.8ms)[0m  [1m[35mCREATE  INDEX  "index_sleeping_records_on_user_id" ON "sleeping_records"  ("user_id")[0m
  ↳ db/migrate/20190621162630_create_sleeping_record.rb:3
  [1m[35m (1.5ms)[0m  [1m[35mCREATE UNIQUE INDEX  "index_sleeping_records_on_user_id_and_date_and_check_in_time" ON "sleeping_records"  ("user_id", "date", "check_in_time")[0m
  ↳ db/migrate/20190621162630_create_sleeping_record.rb:10
  [1m[36mActiveRecord::SchemaMigration Create (0.4ms)[0m  [1m[32mINSERT INTO "schema_migrations" ("version") VALUES ($1) RETURNING "version"[0m  [["version", "20190621162630"]]
  ↳ /Users/mark/.rvm/gems/ruby-2.5.1/bin/rake:23
  [1m[35m (0.5ms)[0m  [1m[35mCOMMIT[0m
  ↳ /Users/mark/.rvm/gems/ruby-2.5.1/bin/rake:23
  [1m[36mActiveRecord::InternalMetadata Load (0.4ms)[0m  [1m[34mSELECT  "ar_internal_metadata".* FROM "ar_internal_metadata" WHERE "ar_internal_metadata"."key" = $1 LIMIT $2[0m  [["key", "environment"], ["LIMIT", 1]]
  ↳ /Users/mark/.rvm/gems/ruby-2.5.1/bin/rake:23
  [1m[35m (0.1ms)[0m  [1m[35mBEGIN[0m
  ↳ /Users/mark/.rvm/gems/ruby-2.5.1/bin/rake:23
  [1m[35m (0.1ms)[0m  [1m[35mCOMMIT[0m
  ↳ /Users/mark/.rvm/gems/ruby-2.5.1/bin/rake:23
  [1m[35m (0.2ms)[0m  [1m[34mSELECT pg_advisory_unlock(2084436750814028835)[0m
  ↳ /Users/mark/.rvm/gems/ruby-2.5.1/bin/rake:23
  [1m[35m (0.2ms)[0m  [1m[34mSELECT "schema_migrations"."version" FROM "schema_migrations" ORDER BY "schema_migrations"."version" ASC[0m
  ↳ /Users/mark/.rvm/gems/ruby-2.5.1/bin/rake:23
  [1m[35m (1.5ms)[0m  [1m[34mSELECT COUNT(*) FROM "users"[0m
  [1m[35m (0.3ms)[0m  [1m[35mBEGIN[0m
  [1m[36mUser Exists (0.8ms)[0m  [1m[34mSELECT  1 AS one FROM "users" WHERE "users"."name" = $1 LIMIT $2[0m  [["name", "Mark"], ["LIMIT", 1]]
  [1m[36mUser Create (5.4ms)[0m  [1m[32mINSERT INTO "users" ("name") VALUES ($1) RETURNING "id"[0m  [["name", "Mark"]]
  [1m[35m (0.5ms)[0m  [1m[35mCOMMIT[0m
  [1m[35m (0.4ms)[0m  [1m[35mBEGIN[0m
  [1m[36mUser Exists (0.6ms)[0m  [1m[34mSELECT  1 AS one FROM "users" WHERE "users"."name" = $1 LIMIT $2[0m  [["name", "Lake"], ["LIMIT", 1]]
  [1m[36mUser Create (0.4ms)[0m  [1m[32mINSERT INTO "users" ("name") VALUES ($1) RETURNING "id"[0m  [["name", "Lake"]]
  [1m[35m (0.9ms)[0m  [1m[35mCOMMIT[0m
  [1m[35m (0.4ms)[0m  [1m[35mBEGIN[0m
  [1m[36mUser Exists (0.6ms)[0m  [1m[34mSELECT  1 AS one FROM "users" WHERE "users"."name" = $1 LIMIT $2[0m  [["name", "Junan"], ["LIMIT", 1]]
  [1m[36mUser Create (0.7ms)[0m  [1m[32mINSERT INTO "users" ("name") VALUES ($1) RETURNING "id"[0m  [["name", "Junan"]]
  [1m[35m (0.7ms)[0m  [1m[35mCOMMIT[0m
  [1m[35m (0.3ms)[0m  [1m[35mBEGIN[0m
  [1m[36mUser Exists (0.4ms)[0m  [1m[34mSELECT  1 AS one FROM "users" WHERE "users"."name" = $1 LIMIT $2[0m  [["name", "Swakhar"], ["LIMIT", 1]]
  [1m[36mUser Create (0.3ms)[0m  [1m[32mINSERT INTO "users" ("name") VALUES ($1) RETURNING "id"[0m  [["name", "Swakhar"]]
  [1m[35m (0.7ms)[0m  [1m[35mCOMMIT[0m
  [1m[35m (0.5ms)[0m  [1m[34mSELECT COUNT(*) FROM "users"[0m
  [1m[36mUser Load (0.2ms)[0m  [1m[34mSELECT  "users".* FROM "users" ORDER BY "users"."id" ASC LIMIT $1[0m  [["LIMIT", 1]]
  [1m[36mUser Load (0.5ms)[0m  [1m[34mSELECT  "users".* FROM "users" ORDER BY "users"."id" ASC LIMIT $1[0m  [["LIMIT", 1]]
  [1m[36mUser Load (0.2ms)[0m  [1m[34mSELECT  "users".* FROM "users" WHERE "users"."id" = $1 LIMIT $2[0m  [["id", 2], ["LIMIT", 1]]
  [1m[35m (0.2ms)[0m  [1m[35mBEGIN[0m
  [1m[35m (0.2ms)[0m  [1m[31mROLLBACK[0m
  [1m[36mUser Load (0.2ms)[0m  [1m[34mSELECT  "users".* FROM "users" ORDER BY "users"."id" ASC LIMIT $1[0m  [["LIMIT", 1]]
  [1m[36mUser Load (0.2ms)[0m  [1m[34mSELECT  "users".* FROM "users" WHERE "users"."id" = $1 LIMIT $2[0m  [["id", 2], ["LIMIT", 1]]
  [1m[35m (0.1ms)[0m  [1m[35mBEGIN[0m
  [1m[36mUser::HABTM_Followers Create (4.4ms)[0m  [1m[32mINSERT INTO "followers" ("user_id", "follower_id") VALUES ($1, $2)[0m  [["user_id", 1], ["follower_id", 2]]
  [1m[35m (0.2ms)[0m  [1m[35mCOMMIT[0m
  [1m[36mUser Load (0.5ms)[0m  [1m[34mSELECT  "users".* FROM "users" INNER JOIN "followers" ON "users"."id" = "followers"."follower_id" WHERE "followers"."user_id" = $1 LIMIT $2[0m  [["user_id", 1], ["LIMIT", 11]]
  [1m[36mUser Load (0.2ms)[0m  [1m[34mSELECT  "users".* FROM "users" ORDER BY "users"."id" ASC LIMIT $1[0m  [["LIMIT", 1]]
  [1m[36mUser Load (0.4ms)[0m  [1m[34mSELECT  "users".* FROM "users" INNER JOIN "followers" ON "users"."id" = "followers"."follower_id" WHERE "followers"."user_id" = $1 LIMIT $2[0m  [["user_id", 1], ["LIMIT", 11]]
  [1m[36mUser Load (0.5ms)[0m  [1m[34mSELECT  "users".* FROM "users" ORDER BY "users"."id" ASC LIMIT $1[0m  [["LIMIT", 1]]
  [1m[36mUser Load (0.6ms)[0m  [1m[34mSELECT  "users".* FROM "users" INNER JOIN "followers" ON "users"."id" = "followers"."follower_id" WHERE "followers"."user_id" = $1 ORDER BY "users"."id" ASC LIMIT $2[0m  [["user_id", 1], ["LIMIT", 1]]
  [1m[36mUser Load (0.5ms)[0m  [1m[34mSELECT  "users".* FROM "users" ORDER BY "users"."id" ASC LIMIT $1[0m  [["LIMIT", 1]]
  [1m[36mUser Load (0.4ms)[0m  [1m[34mSELECT  "users".* FROM "users" WHERE "users"."id" = $1 LIMIT $2[0m  [["id", 3], ["LIMIT", 1]]
  [1m[35m (0.2ms)[0m  [1m[35mBEGIN[0m
  [1m[36mUser::HABTM_Followers Create (0.2ms)[0m  [1m[32mINSERT INTO "followers" ("user_id", "follower_id") VALUES ($1, $2)[0m  [["user_id", 1], ["follower_id", 3]]
  [1m[35m (0.3ms)[0m  [1m[35mCOMMIT[0m
  [1m[36mUser Load (0.3ms)[0m  [1m[34mSELECT  "users".* FROM "users" INNER JOIN "followers" ON "users"."id" = "followers"."follower_id" WHERE "followers"."user_id" = $1 LIMIT $2[0m  [["user_id", 1], ["LIMIT", 11]]
  [1m[36mUser Load (0.6ms)[0m  [1m[34mSELECT  "users".* FROM "users" ORDER BY "users"."id" ASC LIMIT $1[0m  [["LIMIT", 1]]
  [1m[36mUser Load (0.4ms)[0m  [1m[34mSELECT  "users".* FROM "users" WHERE "users"."id" = $1 LIMIT $2[0m  [["id", 4], ["LIMIT", 1]]
  [1m[35m (0.2ms)[0m  [1m[35mBEGIN[0m
  [1m[36mUser::HABTM_Followers Create (0.3ms)[0m  [1m[32mINSERT INTO "followers" ("user_id", "follower_id") VALUES ($1, $2)[0m  [["user_id", 1], ["follower_id", 4]]
  [1m[35m (0.6ms)[0m  [1m[35mCOMMIT[0m
  [1m[36mUser Load (0.5ms)[0m  [1m[34mSELECT  "users".* FROM "users" INNER JOIN "followers" ON "users"."id" = "followers"."follower_id" WHERE "followers"."user_id" = $1 LIMIT $2[0m  [["user_id", 1], ["LIMIT", 11]]
  [1m[36mUser Load (0.3ms)[0m  [1m[34mSELECT  "users".* FROM "users" ORDER BY "users"."id" ASC LIMIT $1[0m  [["LIMIT", 1]]
  [1m[35m (0.3ms)[0m  [1m[34mSELECT COUNT(*) FROM "users" INNER JOIN "followers" ON "users"."id" = "followers"."follower_id" WHERE "followers"."user_id" = $1[0m  [["user_id", 1]]
  [1m[36mUser Load (2.1ms)[0m  [1m[34mSELECT "users".* FROM "users"[0m
  [1m[36mUser Load (0.9ms)[0m  [1m[34mSELECT "users".* FROM "users"[0m
  [1m[35m (0.1ms)[0m  [1m[35mBEGIN[0m
  [1m[36mUser Load (0.3ms)[0m  [1m[34mSELECT  "users".* FROM "users" WHERE "users"."id" = $1 LIMIT $2[0m  [["id", 1], ["LIMIT", 1]]
  [1m[36mSleepingRecord Exists (2.1ms)[0m  [1m[34mSELECT  1 AS one FROM "sleeping_records" WHERE "sleeping_records"."date" = $1 AND "sleeping_records"."user_id" = $2 AND "sleeping_records"."check_in_time" = $3 LIMIT $4[0m  [["date", "2019-06-19"], ["user_id", 1], ["check_in_time", "2019-06-19 17:20:56.602734"], ["LIMIT", 1]]
  [1m[36mSleepingRecord Create (4.5ms)[0m  [1m[32mINSERT INTO "sleeping_records" ("user_id", "check_in_time", "check_out_time", "date", "created_at", "updated_at") VALUES ($1, $2, $3, $4, $5, $6) RETURNING "id"[0m  [["user_id", 1], ["check_in_time", "2019-06-19 17:20:56.602734"], ["check_out_time", "2019-06-20 03:20:56.602734"], ["date", "2019-06-19"], ["created_at", "2019-06-21 17:20:56.638499"], ["updated_at", "2019-06-21 17:20:56.638499"]]
  [1m[35m (0.6ms)[0m  [1m[35mCOMMIT[0m
  [1m[35m (0.1ms)[0m  [1m[35mBEGIN[0m
  [1m[36mUser Load (0.2ms)[0m  [1m[34mSELECT  "users".* FROM "users" WHERE "users"."id" = $1 LIMIT $2[0m  [["id", 2], ["LIMIT", 1]]
  [1m[36mSleepingRecord Exists (0.5ms)[0m  [1m[34mSELECT  1 AS one FROM "sleeping_records" WHERE "sleeping_records"."date" = $1 AND "sleeping_records"."user_id" = $2 AND "sleeping_records"."check_in_time" = $3 LIMIT $4[0m  [["date", "2019-06-15"], ["user_id", 2], ["check_in_time", "2019-06-15 17:20:56.645600"], ["LIMIT", 1]]
  [1m[36mSleepingRecord Create (0.5ms)[0m  [1m[32mINSERT INTO "sleeping_records" ("user_id", "check_in_time", "check_out_time", "date", "created_at", "updated_at") VALUES ($1, $2, $3, $4, $5, $6) RETURNING "id"[0m  [["user_id", 2], ["check_in_time", "2019-06-15 17:20:56.645600"], ["check_out_time", "2019-06-16 11:20:56.645600"], ["date", "2019-06-15"], ["created_at", "2019-06-21 17:20:56.649351"], ["updated_at", "2019-06-21 17:20:56.649351"]]
  [1m[35m (0.3ms)[0m  [1m[35mCOMMIT[0m
  [1m[35m (0.2ms)[0m  [1m[35mBEGIN[0m
  [1m[36mUser Load (0.1ms)[0m  [1m[34mSELECT  "users".* FROM "users" WHERE "users"."id" = $1 LIMIT $2[0m  [["id", 3], ["LIMIT", 1]]
  [1m[36mSleepingRecord Exists (0.2ms)[0m  [1m[34mSELECT  1 AS one FROM "sleeping_records" WHERE "sleeping_records"."date" = $1 AND "sleeping_records"."user_id" = $2 AND "sleeping_records"."check_in_time" = $3 LIMIT $4[0m  [["date", "2019-06-20"], ["user_id", 3], ["check_in_time", "2019-06-20 17:20:56.650956"], ["LIMIT", 1]]
  [1m[36mSleepingRecord Create (0.2ms)[0m  [1m[32mINSERT INTO "sleeping_records" ("user_id", "check_in_time", "check_out_time", "date", "created_at", "updated_at") VALUES ($1, $2, $3, $4, $5, $6) RETURNING "id"[0m  [["user_id", 3], ["check_in_time", "2019-06-20 17:20:56.650956"], ["check_out_time", "2019-06-21 03:20:56.650956"], ["date", "2019-06-20"], ["created_at", "2019-06-21 17:20:56.654308"], ["updated_at", "2019-06-21 17:20:56.654308"]]
  [1m[35m (0.2ms)[0m  [1m[35mCOMMIT[0m
  [1m[35m (0.1ms)[0m  [1m[35mBEGIN[0m
  [1m[36mUser Load (0.1ms)[0m  [1m[34mSELECT  "users".* FROM "users" WHERE "users"."id" = $1 LIMIT $2[0m  [["id", 4], ["LIMIT", 1]]
  [1m[36mSleepingRecord Exists (0.3ms)[0m  [1m[34mSELECT  1 AS one FROM "sleeping_records" WHERE "sleeping_records"."date" = $1 AND "sleeping_records"."user_id" = $2 AND "sleeping_records"."check_in_time" = $3 LIMIT $4[0m  [["date", "2019-06-20"], ["user_id", 4], ["check_in_time", "2019-06-20 17:20:56.655534"], ["LIMIT", 1]]
  [1m[36mSleepingRecord Create (0.3ms)[0m  [1m[32mINSERT INTO "sleeping_records" ("user_id", "check_in_time", "check_out_time", "date", "created_at", "updated_at") VALUES ($1, $2, $3, $4, $5, $6) RETURNING "id"[0m  [["user_id", 4], ["check_in_time", "2019-06-20 17:20:56.655534"], ["check_out_time", "2019-06-21 06:20:56.655534"], ["date", "2019-06-20"], ["created_at", "2019-06-21 17:20:56.658834"], ["updated_at", "2019-06-21 17:20:56.658834"]]
  [1m[35m (0.3ms)[0m  [1m[35mCOMMIT[0m
  [1m[36mUser Load (0.8ms)[0m  [1m[34mSELECT  "users".* FROM "users" ORDER BY "users"."id" ASC LIMIT $1[0m  [["LIMIT", 1]]
  [1m[36mSleepingRecord Load (0.5ms)[0m  [1m[34mSELECT  "sleeping_records".* FROM "sleeping_records" WHERE "sleeping_records"."user_id" = $1 ORDER BY "sleeping_records"."date" ASC LIMIT $2[0m  [["user_id", 1], ["LIMIT", 11]]
  [1m[36mUser Load (0.5ms)[0m  [1m[34mSELECT  "users".* FROM "users" ORDER BY "users"."id" ASC LIMIT $1[0m  [["LIMIT", 1]]
  [1m[36mSleepingRecord Load (0.4ms)[0m  [1m[34mSELECT  "sleeping_records".* FROM "sleeping_records" WHERE "sleeping_records"."user_id" = $1 ORDER BY "sleeping_records"."date" ASC LIMIT $2[0m  [["user_id", 1], ["LIMIT", 1]]
  [1m[36mSleepingRecord Load (0.6ms)[0m  [1m[34mSELECT  "sleeping_records".* FROM "sleeping_records" WHERE "sleeping_records"."date" = $1 ORDER BY "sleeping_records"."id" ASC LIMIT $2[0m  [["date", "2019-06-21"], ["LIMIT", 1]]
  [1m[35m (3.5ms)[0m  [1m[34mSELECT pg_try_advisory_lock(2084436750814028835)[0m
  ↳ /Users/mark/.rvm/gems/ruby-2.5.1/bin/rake:23
  [1m[35m (3.9ms)[0m  [1m[34mSELECT "schema_migrations"."version" FROM "schema_migrations" ORDER BY "schema_migrations"."version" ASC[0m
  ↳ /Users/mark/.rvm/gems/ruby-2.5.1/bin/rake:23
Migrating to CreateDoorkeeperTable (20190622102830)
  [1m[35m (0.2ms)[0m  [1m[35mBEGIN[0m
  ↳ /Users/mark/.rvm/gems/ruby-2.5.1/bin/rake:23
  [1m[35m (28.5ms)[0m  [1m[35mCREATE TABLE "oauth_access_tokens" ("id" bigserial primary key, "resource_owner_id" integer, "application_id" integer, "token" character varying NOT NULL, "refresh_token" character varying, "expires_in" integer, "revoked_at" timestamp, "created_at" timestamp NOT NULL, "scopes" character varying)[0m
  ↳ db/migrate/20190622102830_create_doorkeeper_table.rb:3
  [1m[35m (1.0ms)[0m  [1m[35mCREATE  INDEX  "index_oauth_access_tokens_on_resource_owner_id" ON "oauth_access_tokens"  ("resource_owner_id")[0m
  ↳ db/migrate/20190622102830_create_doorkeeper_table.rb:13
  [1m[35m (5.1ms)[0m  [1m[35mCREATE UNIQUE INDEX  "index_oauth_access_tokens_on_token" ON "oauth_access_tokens"  ("token")[0m
  ↳ db/migrate/20190622102830_create_doorkeeper_table.rb:14
  [1m[35m (1.0ms)[0m  [1m[35mCREATE UNIQUE INDEX  "index_oauth_access_tokens_on_refresh_token" ON "oauth_access_tokens"  ("refresh_token")[0m
  ↳ db/migrate/20190622102830_create_doorkeeper_table.rb:15
  [1m[35m (8.2ms)[0m  [1m[35mALTER TABLE "oauth_access_tokens" ADD CONSTRAINT "fk_rails_ee63f25419"
FOREIGN KEY ("resource_owner_id")
  REFERENCES "users" ("id")
[0m
  ↳ db/migrate/20190622102830_create_doorkeeper_table.rb:16
  [1m[36mActiveRecord::SchemaMigration Create (0.4ms)[0m  [1m[32mINSERT INTO "schema_migrations" ("version") VALUES ($1) RETURNING "version"[0m  [["version", "20190622102830"]]
  ↳ /Users/mark/.rvm/gems/ruby-2.5.1/bin/rake:23
  [1m[35m (1.0ms)[0m  [1m[35mCOMMIT[0m
  ↳ /Users/mark/.rvm/gems/ruby-2.5.1/bin/rake:23
  [1m[36mActiveRecord::InternalMetadata Load (3.8ms)[0m  [1m[34mSELECT  "ar_internal_metadata".* FROM "ar_internal_metadata" WHERE "ar_internal_metadata"."key" = $1 LIMIT $2[0m  [["key", "environment"], ["LIMIT", 1]]
  ↳ /Users/mark/.rvm/gems/ruby-2.5.1/bin/rake:23
  [1m[35m (0.2ms)[0m  [1m[35mBEGIN[0m
  ↳ /Users/mark/.rvm/gems/ruby-2.5.1/bin/rake:23
  [1m[35m (0.1ms)[0m  [1m[35mCOMMIT[0m
  ↳ /Users/mark/.rvm/gems/ruby-2.5.1/bin/rake:23
  [1m[35m (0.2ms)[0m  [1m[34mSELECT pg_advisory_unlock(2084436750814028835)[0m
  ↳ /Users/mark/.rvm/gems/ruby-2.5.1/bin/rake:23
  [1m[35m (0.2ms)[0m  [1m[34mSELECT "schema_migrations"."version" FROM "schema_migrations" ORDER BY "schema_migrations"."version" ASC[0m
  ↳ /Users/mark/.rvm/gems/ruby-2.5.1/bin/rake:23
  [1m[35m (0.6ms)[0m  [1m[34mSELECT "schema_migrations"."version" FROM "schema_migrations" ORDER BY "schema_migrations"."version" ASC[0m
  ↳ /Users/mark/.rvm/gems/ruby-2.5.1/bin/rake:23
  [1m[35m (0.1ms)[0m  [1m[34mSELECT "schema_migrations"."version" FROM "schema_migrations" ORDER BY "schema_migrations"."version" ASC[0m
  ↳ /Users/mark/.rvm/gems/ruby-2.5.1/bin/rake:23
  [1m[35m (0.1ms)[0m  [1m[34mSELECT "schema_migrations"."version" FROM "schema_migrations" ORDER BY "schema_migrations"."version" ASC[0m
  ↳ /Users/mark/.rvm/gems/ruby-2.5.1/bin/rake:23
  [1m[35m (0.1ms)[0m  [1m[34mSELECT pg_try_advisory_lock(2084436750814028835)[0m
  ↳ /Users/mark/.rvm/gems/ruby-2.5.1/bin/rake:23
  [1m[35m (0.1ms)[0m  [1m[34mSELECT "schema_migrations"."version" FROM "schema_migrations" ORDER BY "schema_migrations"."version" ASC[0m
  ↳ /Users/mark/.rvm/gems/ruby-2.5.1/bin/rake:23
Migrating to CreateDoorkeeperTable (20190622102830)
  [1m[35m (0.1ms)[0m  [1m[35mBEGIN[0m
  ↳ /Users/mark/.rvm/gems/ruby-2.5.1/bin/rake:23
  [1m[35m (4.9ms)[0m  [1m[35mALTER TABLE "oauth_access_tokens" DROP CONSTRAINT "fk_rails_ee63f25419"[0m
  ↳ /Users/mark/.rvm/gems/ruby-2.5.1/bin/rake:23
  [1m[35m (0.3ms)[0m  [1m[35mDROP INDEX  "index_oauth_access_tokens_on_refresh_token"[0m
  ↳ /Users/mark/.rvm/gems/ruby-2.5.1/bin/rake:23
  [1m[35m (0.2ms)[0m  [1m[35mDROP INDEX  "index_oauth_access_tokens_on_token"[0m
  ↳ /Users/mark/.rvm/gems/ruby-2.5.1/bin/rake:23
  [1m[35m (0.2ms)[0m  [1m[35mDROP INDEX  "index_oauth_access_tokens_on_resource_owner_id"[0m
  ↳ /Users/mark/.rvm/gems/ruby-2.5.1/bin/rake:23
  [1m[35m (2.1ms)[0m  [1m[35mDROP TABLE "oauth_access_tokens"[0m
  ↳ /Users/mark/.rvm/gems/ruby-2.5.1/bin/rake:23
  [1m[36mActiveRecord::SchemaMigration Destroy (0.8ms)[0m  [1m[31mDELETE FROM "schema_migrations" WHERE "schema_migrations"."version" = $1[0m  [["version", "20190622102830"]]
  ↳ /Users/mark/.rvm/gems/ruby-2.5.1/bin/rake:23
  [1m[35m (2.9ms)[0m  [1m[35mCOMMIT[0m
  ↳ /Users/mark/.rvm/gems/ruby-2.5.1/bin/rake:23
  [1m[35m (0.2ms)[0m  [1m[34mSELECT pg_advisory_unlock(2084436750814028835)[0m
  ↳ /Users/mark/.rvm/gems/ruby-2.5.1/bin/rake:23
  [1m[35m (0.3ms)[0m  [1m[34mSELECT "schema_migrations"."version" FROM "schema_migrations" ORDER BY "schema_migrations"."version" ASC[0m
  ↳ /Users/mark/.rvm/gems/ruby-2.5.1/bin/rake:23
  [1m[35m (0.4ms)[0m  [1m[34mSELECT "schema_migrations"."version" FROM "schema_migrations" ORDER BY "schema_migrations"."version" ASC[0m
  ↳ /Users/mark/.rvm/gems/ruby-2.5.1/bin/rake:23
Started GET "/api/v1/users/1" for 127.0.0.1 at 2019-06-22 17:28:35 +0600
  [1m[35m (0.5ms)[0m  [1m[34mSELECT "schema_migrations"."version" FROM "schema_migrations" ORDER BY "schema_migrations"."version" ASC[0m
  ↳ /Users/mark/.rvm/gems/ruby-2.5.1/gems/activerecord-5.2.3/lib/active_record/log_subscriber.rb:98
Started GET "/api/users/1" for 127.0.0.1 at 2019-06-22 17:29:54 +0600
  [1m[36mUser Load (3.9ms)[0m  [1m[34mSELECT  "users".* FROM "users" WHERE "users"."id" = $1 LIMIT $2[0m  [["id", 1], ["LIMIT", 1]]
  ↳ app/api/api/v1/resources/users.rb:12
Started GET "/api/users/1" for 127.0.0.1 at 2019-06-22 17:40:21 +0600
  [1m[35m (0.5ms)[0m  [1m[34mSELECT "schema_migrations"."version" FROM "schema_migrations" ORDER BY "schema_migrations"."version" ASC[0m
  ↳ /Users/mark/.rvm/gems/ruby-2.5.1/gems/activerecord-5.2.3/lib/active_record/log_subscriber.rb:98
  [1m[36mUser Load (0.3ms)[0m  [1m[34mSELECT  "users".* FROM "users" WHERE "users"."id" = $1 LIMIT $2[0m  [["id", 1], ["LIMIT", 1]]
  ↳ app/api/api/v1/resources/users.rb:12
  [1m[36mUser Load (4.8ms)[0m  [1m[34mSELECT "users".* FROM "users" INNER JOIN "followers" ON "users"."id" = "followers"."follower_id" WHERE "followers"."user_id" = $1[0m  [["user_id", 1]]
  ↳ /Users/mark/.rvm/gems/ruby-2.5.1/gems/activerecord-5.2.3/lib/active_record/log_subscriber.rb:98
  [1m[36mUser Load (0.2ms)[0m  [1m[34mSELECT "users".* FROM "users" INNER JOIN "followers" ON "users"."id" = "followers"."follower_id" WHERE "followers"."user_id" = $1[0m  [["user_id", 2]]
  ↳ /Users/mark/.rvm/gems/ruby-2.5.1/gems/activerecord-5.2.3/lib/active_record/log_subscriber.rb:98
  [1m[36mUser Load (0.4ms)[0m  [1m[34mSELECT "users".* FROM "users" INNER JOIN "followers" ON "users"."id" = "followers"."follower_id" WHERE "followers"."user_id" = $1[0m  [["user_id", 3]]
  ↳ /Users/mark/.rvm/gems/ruby-2.5.1/gems/activerecord-5.2.3/lib/active_record/log_subscriber.rb:98
  [1m[36mUser Load (0.4ms)[0m  [1m[34mSELECT "users".* FROM "users" INNER JOIN "followers" ON "users"."id" = "followers"."follower_id" WHERE "followers"."user_id" = $1[0m  [["user_id", 4]]
  ↳ /Users/mark/.rvm/gems/ruby-2.5.1/gems/activerecord-5.2.3/lib/active_record/log_subscriber.rb:98
Started GET "/api/users/1" for 127.0.0.1 at 2019-06-22 17:42:09 +0600
  [1m[35m (0.6ms)[0m  [1m[34mSELECT "schema_migrations"."version" FROM "schema_migrations" ORDER BY "schema_migrations"."version" ASC[0m
  ↳ /Users/mark/.rvm/gems/ruby-2.5.1/gems/activerecord-5.2.3/lib/active_record/log_subscriber.rb:98
  [1m[36mUser Load (0.4ms)[0m  [1m[34mSELECT  "users".* FROM "users" WHERE "users"."id" = $1 LIMIT $2[0m  [["id", 1], ["LIMIT", 1]]
  ↳ app/api/api/v1/resources/users.rb:12
  [1m[36mUser Load (0.4ms)[0m  [1m[34mSELECT "users".* FROM "users" INNER JOIN "followers" ON "users"."id" = "followers"."follower_id" WHERE "followers"."user_id" = $1[0m  [["user_id", 1]]
  ↳ /Users/mark/.rvm/gems/ruby-2.5.1/gems/activerecord-5.2.3/lib/active_record/log_subscriber.rb:98
  [1m[36mSleepingRecord Load (1.2ms)[0m  [1m[34mSELECT  "sleeping_records".* FROM "sleeping_records" ORDER BY "sleeping_records"."id" ASC LIMIT $1[0m  [["LIMIT", 1]]
  [1m[36mSleepingRecord Load (0.6ms)[0m  [1m[34mSELECT  "sleeping_records".* FROM "sleeping_records" ORDER BY "sleeping_records"."id" DESC LIMIT $1[0m  [["LIMIT", 1]]
Started POST "/api/v1/users/1/check_in" for 127.0.0.1 at 2019-06-22 18:26:14 +0600
  [1m[35m (1.4ms)[0m  [1m[34mSELECT "schema_migrations"."version" FROM "schema_migrations" ORDER BY "schema_migrations"."version" ASC[0m
  ↳ /Users/mark/.rvm/gems/ruby-2.5.1/gems/activerecord-5.2.3/lib/active_record/log_subscriber.rb:98
Started POST "/api/users/1/check_in" for 127.0.0.1 at 2019-06-22 18:26:35 +0600
  [1m[36mUser Load (0.4ms)[0m  [1m[34mSELECT  "users".* FROM "users" WHERE "users"."id" = $1 LIMIT $2[0m  [["id", 1], ["LIMIT", 1]]
  ↳ app/api/api/v1/resources/users.rb:19
  [1m[36mSleepingRecord Load (4.8ms)[0m  [1m[34mSELECT  "sleeping_records".* FROM "sleeping_records" WHERE "sleeping_records"."user_id" = $1 ORDER BY "sleeping_records"."date" DESC LIMIT $2[0m  [["user_id", 1], ["LIMIT", 1]]
  ↳ app/models/user.rb:11
  [1m[35m (0.1ms)[0m  [1m[35mBEGIN[0m
  ↳ app/services/sleep_tracker.rb:19
  [1m[36mCACHE User Load (0.0ms)[0m  [1m[34mSELECT  "users".* FROM "users" WHERE "users"."id" = $1 LIMIT $2[0m  [["id", 1], ["LIMIT", 1]]
  ↳ app/services/sleep_tracker.rb:19
  [1m[36mSleepingRecord Exists (0.5ms)[0m  [1m[34mSELECT  1 AS one FROM "sleeping_records" WHERE "sleeping_records"."date" = $1 AND "sleeping_records"."user_id" = $2 AND "sleeping_records"."check_in_time" = $3 LIMIT $4[0m  [["date", "2019-06-22"], ["user_id", 1], ["check_in_time", "2019-06-22 12:26:35.152692"], ["LIMIT", 1]]
  ↳ app/services/sleep_tracker.rb:19
  [1m[36mSleepingRecord Create (6.0ms)[0m  [1m[32mINSERT INTO "sleeping_records" ("user_id", "check_in_time", "date", "created_at", "updated_at") VALUES ($1, $2, $3, $4, $5) RETURNING "id"[0m  [["user_id", 1], ["check_in_time", "2019-06-22 12:26:35.152692"], ["date", "2019-06-22"], ["created_at", "2019-06-22 12:26:35.159995"], ["updated_at", "2019-06-22 12:26:35.159995"]]
  ↳ app/services/sleep_tracker.rb:19
  [1m[35m (0.4ms)[0m  [1m[35mCOMMIT[0m
  ↳ app/services/sleep_tracker.rb:19
Started POST "/api/users/1/check_out" for 127.0.0.1 at 2019-06-22 18:27:04 +0600
  [1m[36mUser Load (0.5ms)[0m  [1m[34mSELECT  "users".* FROM "users" WHERE "users"."id" = $1 LIMIT $2[0m  [["id", 1], ["LIMIT", 1]]
  ↳ app/api/api/v1/resources/users.rb:28
  [1m[36mSleepingRecord Load (0.4ms)[0m  [1m[34mSELECT  "sleeping_records".* FROM "sleeping_records" WHERE "sleeping_records"."user_id" = $1 ORDER BY "sleeping_records"."date" DESC LIMIT $2[0m  [["user_id", 1], ["LIMIT", 1]]
  ↳ app/models/user.rb:15
  [1m[36mCACHE SleepingRecord Load (0.0ms)[0m  [1m[34mSELECT  "sleeping_records".* FROM "sleeping_records" WHERE "sleeping_records"."user_id" = $1 ORDER BY "sleeping_records"."date" DESC LIMIT $2[0m  [["user_id", 1], ["LIMIT", 1]]
  ↳ app/services/sleep_tracker.rb:25
  
NoMethodError (undefined method `update!' for #<SleepTracker:0x00007f84df67ea38>):
  
app/services/sleep_tracker.rb:25:in `check_out'
app/services/sleep_tracker.rb:13:in `check_out'
app/api/api/v1/resources/users.rb:29:in `block (4 levels) in <class:Users>'
Started POST "/api/users/1/check_out" for 127.0.0.1 at 2019-06-22 18:27:51 +0600
  [1m[35m (0.5ms)[0m  [1m[34mSELECT "schema_migrations"."version" FROM "schema_migrations" ORDER BY "schema_migrations"."version" ASC[0m
  ↳ /Users/mark/.rvm/gems/ruby-2.5.1/gems/activerecord-5.2.3/lib/active_record/log_subscriber.rb:98
  [1m[36mUser Load (0.4ms)[0m  [1m[34mSELECT  "users".* FROM "users" WHERE "users"."id" = $1 LIMIT $2[0m  [["id", 1], ["LIMIT", 1]]
  ↳ app/api/api/v1/resources/users.rb:28
  [1m[36mSleepingRecord Load (0.4ms)[0m  [1m[34mSELECT  "sleeping_records".* FROM "sleeping_records" WHERE "sleeping_records"."user_id" = $1 ORDER BY "sleeping_records"."date" DESC LIMIT $2[0m  [["user_id", 1], ["LIMIT", 1]]
  ↳ app/models/user.rb:15
  [1m[36mCACHE SleepingRecord Load (0.1ms)[0m  [1m[34mSELECT  "sleeping_records".* FROM "sleeping_records" WHERE "sleeping_records"."user_id" = $1 ORDER BY "sleeping_records"."date" DESC LIMIT $2[0m  [["user_id", 1], ["LIMIT", 1]]
  ↳ app/services/sleep_tracker.rb:25
  [1m[35m (0.1ms)[0m  [1m[35mBEGIN[0m
  ↳ app/services/sleep_tracker.rb:25
  [1m[36mCACHE User Load (0.0ms)[0m  [1m[34mSELECT  "users".* FROM "users" WHERE "users"."id" = $1 LIMIT $2[0m  [["id", 1], ["LIMIT", 1]]
  ↳ app/services/sleep_tracker.rb:25
  [1m[36mSleepingRecord Exists (0.5ms)[0m  [1m[34mSELECT  1 AS one FROM "sleeping_records" WHERE "sleeping_records"."date" = $1 AND "sleeping_records"."id" != $2 AND "sleeping_records"."user_id" = $3 AND "sleeping_records"."check_in_time" = $4 LIMIT $5[0m  [["date", "2019-06-22"], ["id", 5], ["user_id", 1], ["check_in_time", "2019-06-22 12:26:35.152692"], ["LIMIT", 1]]
  ↳ app/services/sleep_tracker.rb:25
  [1m[36mSleepingRecord Update (1.1ms)[0m  [1m[33mUPDATE "sleeping_records" SET "check_out_time" = $1, "updated_at" = $2 WHERE "sleeping_records"."id" = $3[0m  [["check_out_time", "2019-06-22 12:27:51.460148"], ["updated_at", "2019-06-22 12:27:51.466294"], ["id", 5]]
  ↳ app/services/sleep_tracker.rb:25
  [1m[35m (0.4ms)[0m  [1m[35mCOMMIT[0m
  ↳ app/services/sleep_tracker.rb:25
  
NoMethodError (undefined method `user' for true:TrueClass):
  
app/api/api/v1/entities/sleep_record.rb:12:in `user_id'
Started POST "/api/users/2/check_in" for 127.0.0.1 at 2019-06-22 18:30:38 +0600
  [1m[35m (0.6ms)[0m  [1m[34mSELECT "schema_migrations"."version" FROM "schema_migrations" ORDER BY "schema_migrations"."version" ASC[0m
  ↳ /Users/mark/.rvm/gems/ruby-2.5.1/gems/activerecord-5.2.3/lib/active_record/log_subscriber.rb:98
  [1m[36mUser Load (0.3ms)[0m  [1m[34mSELECT  "users".* FROM "users" WHERE "users"."id" = $1 LIMIT $2[0m  [["id", 2], ["LIMIT", 1]]
  ↳ app/api/api/v1/resources/users.rb:19
  [1m[36mSleepingRecord Load (0.6ms)[0m  [1m[34mSELECT  "sleeping_records".* FROM "sleeping_records" WHERE "sleeping_records"."user_id" = $1 ORDER BY "sleeping_records"."date" DESC LIMIT $2[0m  [["user_id", 2], ["LIMIT", 1]]
  ↳ app/models/user.rb:11
  [1m[35m (0.2ms)[0m  [1m[35mBEGIN[0m
  ↳ app/services/sleep_tracker.rb:19
  [1m[36mCACHE User Load (0.0ms)[0m  [1m[34mSELECT  "users".* FROM "users" WHERE "users"."id" = $1 LIMIT $2[0m  [["id", 2], ["LIMIT", 1]]
  ↳ app/services/sleep_tracker.rb:19
  [1m[36mSleepingRecord Exists (0.4ms)[0m  [1m[34mSELECT  1 AS one FROM "sleeping_records" WHERE "sleeping_records"."date" = $1 AND "sleeping_records"."user_id" = $2 AND "sleeping_records"."check_in_time" = $3 LIMIT $4[0m  [["date", "2019-06-22"], ["user_id", 2], ["check_in_time", "2019-06-22 12:30:38.514454"], ["LIMIT", 1]]
  ↳ app/services/sleep_tracker.rb:19
  [1m[36mSleepingRecord Create (0.6ms)[0m  [1m[32mINSERT INTO "sleeping_records" ("user_id", "check_in_time", "date", "created_at", "updated_at") VALUES ($1, $2, $3, $4, $5) RETURNING "id"[0m  [["user_id", 2], ["check_in_time", "2019-06-22 12:30:38.514454"], ["date", "2019-06-22"], ["created_at", "2019-06-22 12:30:38.521291"], ["updated_at", "2019-06-22 12:30:38.521291"]]
  ↳ app/services/sleep_tracker.rb:19
  [1m[35m (0.8ms)[0m  [1m[35mCOMMIT[0m
  ↳ app/services/sleep_tracker.rb:19
Started POST "/api/users/2/check_in" for 127.0.0.1 at 2019-06-22 18:30:46 +0600
  [1m[36mUser Load (0.3ms)[0m  [1m[34mSELECT  "users".* FROM "users" WHERE "users"."id" = $1 LIMIT $2[0m  [["id", 2], ["LIMIT", 1]]
  ↳ app/api/api/v1/resources/users.rb:19
  [1m[36mSleepingRecord Load (0.3ms)[0m  [1m[34mSELECT  "sleeping_records".* FROM "sleeping_records" WHERE "sleeping_records"."user_id" = $1 ORDER BY "sleeping_records"."date" DESC LIMIT $2[0m  [["user_id", 2], ["LIMIT", 1]]
  ↳ app/models/user.rb:11
Started POST "/api/users/2/check_out" for 127.0.0.1 at 2019-06-22 18:30:56 +0600
  [1m[36mUser Load (0.2ms)[0m  [1m[34mSELECT  "users".* FROM "users" WHERE "users"."id" = $1 LIMIT $2[0m  [["id", 2], ["LIMIT", 1]]
  ↳ app/api/api/v1/resources/users.rb:28
  [1m[36mSleepingRecord Load (0.3ms)[0m  [1m[34mSELECT  "sleeping_records".* FROM "sleeping_records" WHERE "sleeping_records"."user_id" = $1 ORDER BY "sleeping_records"."date" DESC LIMIT $2[0m  [["user_id", 2], ["LIMIT", 1]]
  ↳ app/models/user.rb:15
  [1m[36mCACHE SleepingRecord Load (0.0ms)[0m  [1m[34mSELECT  "sleeping_records".* FROM "sleeping_records" WHERE "sleeping_records"."user_id" = $1 ORDER BY "sleeping_records"."date" DESC LIMIT $2[0m  [["user_id", 2], ["LIMIT", 1]]
  ↳ app/services/sleep_tracker.rb:25
  [1m[35m (0.1ms)[0m  [1m[35mBEGIN[0m
  ↳ app/services/sleep_tracker.rb:26
  [1m[36mCACHE User Load (0.0ms)[0m  [1m[34mSELECT  "users".* FROM "users" WHERE "users"."id" = $1 LIMIT $2[0m  [["id", 2], ["LIMIT", 1]]
  ↳ app/services/sleep_tracker.rb:26
  [1m[36mSleepingRecord Exists (0.3ms)[0m  [1m[34mSELECT  1 AS one FROM "sleeping_records" WHERE "sleeping_records"."date" = $1 AND "sleeping_records"."id" != $2 AND "sleeping_records"."user_id" = $3 AND "sleeping_records"."check_in_time" = $4 LIMIT $5[0m  [["date", "2019-06-22"], ["id", 6], ["user_id", 2], ["check_in_time", "2019-06-22 12:30:38.514454"], ["LIMIT", 1]]
  ↳ app/services/sleep_tracker.rb:26
  [1m[36mSleepingRecord Update (0.2ms)[0m  [1m[33mUPDATE "sleeping_records" SET "check_out_time" = $1, "updated_at" = $2 WHERE "sleeping_records"."id" = $3[0m  [["check_out_time", "2019-06-22 12:30:56.466786"], ["updated_at", "2019-06-22 12:30:56.469922"], ["id", 6]]
  ↳ app/services/sleep_tracker.rb:26
  [1m[35m (0.3ms)[0m  [1m[35mCOMMIT[0m
  ↳ app/services/sleep_tracker.rb:26
Started POST "/api/users/2/check_in" for 127.0.0.1 at 2019-06-22 18:31:12 +0600
  [1m[36mUser Load (0.3ms)[0m  [1m[34mSELECT  "users".* FROM "users" WHERE "users"."id" = $1 LIMIT $2[0m  [["id", 2], ["LIMIT", 1]]
  ↳ app/api/api/v1/resources/users.rb:19
  [1m[36mSleepingRecord Load (0.3ms)[0m  [1m[34mSELECT  "sleeping_records".* FROM "sleeping_records" WHERE "sleeping_records"."user_id" = $1 ORDER BY "sleeping_records"."date" DESC LIMIT $2[0m  [["user_id", 2], ["LIMIT", 1]]
  ↳ app/models/user.rb:11
  [1m[35m (0.1ms)[0m  [1m[35mBEGIN[0m
  ↳ app/services/sleep_tracker.rb:19
  [1m[36mCACHE User Load (0.0ms)[0m  [1m[34mSELECT  "users".* FROM "users" WHERE "users"."id" = $1 LIMIT $2[0m  [["id", 2], ["LIMIT", 1]]
  ↳ app/services/sleep_tracker.rb:19
  [1m[36mSleepingRecord Exists (0.3ms)[0m  [1m[34mSELECT  1 AS one FROM "sleeping_records" WHERE "sleeping_records"."date" = $1 AND "sleeping_records"."user_id" = $2 AND "sleeping_records"."check_in_time" = $3 LIMIT $4[0m  [["date", "2019-06-22"], ["user_id", 2], ["check_in_time", "2019-06-22 12:31:12.767051"], ["LIMIT", 1]]
  ↳ app/services/sleep_tracker.rb:19
  [1m[36mSleepingRecord Create (0.3ms)[0m  [1m[32mINSERT INTO "sleeping_records" ("user_id", "check_in_time", "date", "created_at", "updated_at") VALUES ($1, $2, $3, $4, $5) RETURNING "id"[0m  [["user_id", 2], ["check_in_time", "2019-06-22 12:31:12.767051"], ["date", "2019-06-22"], ["created_at", "2019-06-22 12:31:12.769562"], ["updated_at", "2019-06-22 12:31:12.769562"]]
  ↳ app/services/sleep_tracker.rb:19
  [1m[35m (0.3ms)[0m  [1m[35mCOMMIT[0m
  ↳ app/services/sleep_tracker.rb:19
Started POST "/api/users/2/check_out" for 127.0.0.1 at 2019-06-22 18:31:19 +0600
  [1m[36mUser Load (0.3ms)[0m  [1m[34mSELECT  "users".* FROM "users" WHERE "users"."id" = $1 LIMIT $2[0m  [["id", 2], ["LIMIT", 1]]
  ↳ app/api/api/v1/resources/users.rb:28
  [1m[36mSleepingRecord Load (0.3ms)[0m  [1m[34mSELECT  "sleeping_records".* FROM "sleeping_records" WHERE "sleeping_records"."user_id" = $1 ORDER BY "sleeping_records"."date" DESC LIMIT $2[0m  [["user_id", 2], ["LIMIT", 1]]
  ↳ app/models/user.rb:15
  [1m[36mCACHE SleepingRecord Load (0.0ms)[0m  [1m[34mSELECT  "sleeping_records".* FROM "sleeping_records" WHERE "sleeping_records"."user_id" = $1 ORDER BY "sleeping_records"."date" DESC LIMIT $2[0m  [["user_id", 2], ["LIMIT", 1]]
  ↳ app/services/sleep_tracker.rb:25
  [1m[35m (0.2ms)[0m  [1m[35mBEGIN[0m
  ↳ app/services/sleep_tracker.rb:26
  [1m[36mCACHE User Load (0.0ms)[0m  [1m[34mSELECT  "users".* FROM "users" WHERE "users"."id" = $1 LIMIT $2[0m  [["id", 2], ["LIMIT", 1]]
  ↳ app/services/sleep_tracker.rb:26
  [1m[36mSleepingRecord Exists (0.4ms)[0m  [1m[34mSELECT  1 AS one FROM "sleeping_records" WHERE "sleeping_records"."date" = $1 AND "sleeping_records"."id" != $2 AND "sleeping_records"."user_id" = $3 AND "sleeping_records"."check_in_time" = $4 LIMIT $5[0m  [["date", "2019-06-22"], ["id", 7], ["user_id", 2], ["check_in_time", "2019-06-22 12:31:12.767051"], ["LIMIT", 1]]
  ↳ app/services/sleep_tracker.rb:26
  [1m[36mSleepingRecord Update (0.4ms)[0m  [1m[33mUPDATE "sleeping_records" SET "check_out_time" = $1, "updated_at" = $2 WHERE "sleeping_records"."id" = $3[0m  [["check_out_time", "2019-06-22 12:31:19.254883"], ["updated_at", "2019-06-22 12:31:19.257793"], ["id", 7]]
  ↳ app/services/sleep_tracker.rb:26
  [1m[35m (3.7ms)[0m  [1m[35mCOMMIT[0m
  ↳ app/services/sleep_tracker.rb:26
  [1m[36mUser Load (0.5ms)[0m  [1m[34mSELECT  "users".* FROM "users" WHERE "users"."id" = $1 LIMIT $2[0m  [["id", 2], ["LIMIT", 1]]
  [1m[36mUser Load (0.6ms)[0m  [1m[34mSELECT  "users".* FROM "users" INNER JOIN "followers" ON "users"."id" = "followers"."user_id" WHERE "followers"."follower_id" = $1 LIMIT $2[0m  [["follower_id", 2], ["LIMIT", 11]]
  [1m[36mUser Load (0.7ms)[0m  [1m[34mSELECT  "users".* FROM "users" WHERE "users"."id" = $1 LIMIT $2[0m  [["id", 1], ["LIMIT", 1]]
  [1m[36mUser Load (0.5ms)[0m  [1m[34mSELECT  "users".* FROM "users" INNER JOIN "followers" ON "users"."id" = "followers"."user_id" WHERE "followers"."follower_id" = $1 LIMIT $2[0m  [["follower_id", 1], ["LIMIT", 11]]
  [1m[36mUser Load (0.2ms)[0m  [1m[34mSELECT  "users".* FROM "users" WHERE "users"."id" = $1 LIMIT $2[0m  [["id", 2], ["LIMIT", 1]]
  [1m[36mUser Load (0.3ms)[0m  [1m[34mSELECT  "users".* FROM "users" INNER JOIN "followers" ON "users"."id" = "followers"."user_id" WHERE "followers"."follower_id" = $1 LIMIT $2[0m  [["follower_id", 2], ["LIMIT", 11]]
  [1m[36mUser Load (0.5ms)[0m  [1m[34mSELECT  "users".* FROM "users" WHERE "users"."id" = $1 LIMIT $2[0m  [["id", 2], ["LIMIT", 1]]
  [1m[35m (0.6ms)[0m  [1m[34mSELECT COUNT(*) FROM "users" INNER JOIN "followers" ON "users"."id" = "followers"."user_id" WHERE "followers"."follower_id" = $1[0m  [["follower_id", 2]]
  [1m[36mUser Load (0.6ms)[0m  [1m[34mSELECT  "users".* FROM "users" WHERE "users"."id" = $1 LIMIT $2[0m  [["id", 1], ["LIMIT", 1]]
  [1m[36mUser Load (0.6ms)[0m  [1m[34mSELECT  "users".* FROM "users" INNER JOIN "followers" ON "users"."id" = "followers"."user_id" WHERE "followers"."follower_id" = $1 LIMIT $2[0m  [["follower_id", 1], ["LIMIT", 11]]
  [1m[36mUser Load (0.6ms)[0m  [1m[34mSELECT  "users".* FROM "users" WHERE "users"."id" = $1 LIMIT $2[0m  [["id", 1], ["LIMIT", 1]]
  [1m[36mUser Load (0.3ms)[0m  [1m[34mSELECT  "users".* FROM "users" WHERE "users"."id" = $1 LIMIT $2[0m  [["id", 2], ["LIMIT", 1]]
  [1m[36mUser Load (0.2ms)[0m  [1m[34mSELECT  "users".* FROM "users" WHERE "users"."id" = $1 LIMIT $2[0m  [["id", 3], ["LIMIT", 1]]
  [1m[35m (0.2ms)[0m  [1m[35mBEGIN[0m
  [1m[36mUser::HABTM_Following Create (0.5ms)[0m  [1m[32mINSERT INTO "followers" ("user_id", "follower_id") VALUES ($1, $2)[0m  [["user_id", 2], ["follower_id", 1]]
  [1m[36mUser::HABTM_Following Create (0.2ms)[0m  [1m[32mINSERT INTO "followers" ("user_id", "follower_id") VALUES ($1, $2)[0m  [["user_id", 3], ["follower_id", 1]]
  [1m[35m (1.8ms)[0m  [1m[35mCOMMIT[0m
  [1m[36mUser Load (0.3ms)[0m  [1m[34mSELECT  "users".* FROM "users" INNER JOIN "followers" ON "users"."id" = "followers"."user_id" WHERE "followers"."follower_id" = $1 LIMIT $2[0m  [["follower_id", 1], ["LIMIT", 11]]
  [1m[36mUser Load (0.5ms)[0m  [1m[34mSELECT  "users".* FROM "users" WHERE "users"."id" = $1 LIMIT $2[0m  [["id", 1], ["LIMIT", 1]]
  [1m[36mUser Load (0.7ms)[0m  [1m[34mSELECT  "users".* FROM "users" INNER JOIN "followers" ON "users"."id" = "followers"."user_id" WHERE "followers"."follower_id" = $1 LIMIT $2[0m  [["follower_id", 1], ["LIMIT", 11]]
Started GET "/api/users/1" for 127.0.0.1 at 2019-06-22 19:00:03 +0600
  [1m[35m (0.5ms)[0m  [1m[34mSELECT "schema_migrations"."version" FROM "schema_migrations" ORDER BY "schema_migrations"."version" ASC[0m
  ↳ /Users/mark/.rvm/gems/ruby-2.5.1/gems/activerecord-5.2.3/lib/active_record/log_subscriber.rb:98
  [1m[36mUser Load (0.4ms)[0m  [1m[34mSELECT  "users".* FROM "users" WHERE "users"."id" = $1 LIMIT $2[0m  [["id", 1], ["LIMIT", 1]]
  ↳ app/api/api/v1/resources/users.rb:12
  
NameError (uninitialized constant API::V1::Entities::User::Entitier):
  
app/api/api/v1/entities/user.rb:8:in `<class:User>'
app/api/api/v1/entities/user.rb:4:in `<module:Entities>'
app/api/api/v1/entities/user.rb:3:in `<module:V1>'
app/api/api/v1/entities/user.rb:2:in `<module:API>'
app/api/api/v1/entities/user.rb:1:in `<top (required)>'
app/api/api/v1/resources/users.rb:13:in `block (3 levels) in <class:Users>'
Started GET "/api/users/1" for 127.0.0.1 at 2019-06-22 19:00:16 +0600
  [1m[36mUser Load (0.1ms)[0m  [1m[34mSELECT  "users".* FROM "users" WHERE "users"."id" = $1 LIMIT $2[0m  [["id", 1], ["LIMIT", 1]]
  ↳ app/api/api/v1/resources/users.rb:12
  [1m[36mUser Load (0.4ms)[0m  [1m[34mSELECT "users".* FROM "users" INNER JOIN "followers" ON "users"."id" = "followers"."follower_id" WHERE "followers"."user_id" = $1[0m  [["user_id", 1]]
  ↳ /Users/mark/.rvm/gems/ruby-2.5.1/gems/activerecord-5.2.3/lib/active_record/log_subscriber.rb:98
  [1m[36mUser Load (0.3ms)[0m  [1m[34mSELECT "users".* FROM "users" INNER JOIN "followers" ON "users"."id" = "followers"."user_id" WHERE "followers"."follower_id" = $1[0m  [["follower_id", 1]]
  ↳ /Users/mark/.rvm/gems/ruby-2.5.1/gems/activerecord-5.2.3/lib/active_record/log_subscriber.rb:98
Started POST "/api/users/1/unfollow" for 127.0.0.1 at 2019-06-22 19:05:10 +0600
  [1m[35m (0.4ms)[0m  [1m[34mSELECT "schema_migrations"."version" FROM "schema_migrations" ORDER BY "schema_migrations"."version" ASC[0m
  ↳ /Users/mark/.rvm/gems/ruby-2.5.1/gems/activerecord-5.2.3/lib/active_record/log_subscriber.rb:98
Started POST "/api/users/1/unfollow?followed_user_id=3" for 127.0.0.1 at 2019-06-22 19:06:07 +0600
  [1m[36mUser Load (0.5ms)[0m  [1m[34mSELECT  "users".* FROM "users" WHERE "users"."id" = $1 LIMIT $2[0m  [["id", 1], ["LIMIT", 1]]
  ↳ app/api/api/v1/resources/users.rb:59
  [1m[36mUser Load (0.3ms)[0m  [1m[34mSELECT  "users".* FROM "users" WHERE "users"."id" = $1 LIMIT $2[0m  [["id", 3], ["LIMIT", 1]]
  ↳ app/api/api/v1/resources/users.rb:60
  
  [1m[36mUser Load (0.5ms)[0m  [1m[34mSELECT  "users".* FROM "users" INNER JOIN "followers" ON "users"."id" = "followers"."user_id" WHERE "followers"."follower_id" = $1 LIMIT $2[0m  [["follower_id", 1], ["LIMIT", 11]]
  ↳ /Users/mark/.rvm/rubies/ruby-2.5.1/lib/ruby/gems/2.5.0/gems/did_you_mean-1.2.0/lib/did_you_mean/core_ext/name_error.rb:8
NoMethodError (undefined method `delete!' for #<User::ActiveRecord_Associations_CollectionProxy:0x00007f8077500f38>
Did you mean?  delete):
  
app/api/api/v1/resources/users.rb:61:in `block (4 levels) in <class:Users>'
Started POST "/api/users/1/unfollow?followed_user_id=3" for 127.0.0.1 at 2019-06-22 19:06:53 +0600
  [1m[36mUser Load (0.2ms)[0m  [1m[34mSELECT  "users".* FROM "users" WHERE "users"."id" = $1 LIMIT $2[0m  [["id", 1], ["LIMIT", 1]]
  ↳ app/api/api/v1/resources/users.rb:59
  [1m[36mUser Load (0.4ms)[0m  [1m[34mSELECT  "users".* FROM "users" WHERE "users"."id" = $1 LIMIT $2[0m  [["id", 3], ["LIMIT", 1]]
  ↳ app/api/api/v1/resources/users.rb:60
  [1m[35m (0.2ms)[0m  [1m[35mBEGIN[0m
  ↳ app/api/api/v1/resources/users.rb:61
  [1m[36mUser::HABTM_Following Destroy (2.6ms)[0m  [1m[31mDELETE FROM "followers" WHERE "followers"."follower_id" = $1 AND "followers"."user_id" = $2[0m  [["follower_id", 1], ["user_id", 3]]
  ↳ app/api/api/v1/resources/users.rb:61
  [1m[35m (0.7ms)[0m  [1m[35mCOMMIT[0m
  ↳ app/api/api/v1/resources/users.rb:61
  [1m[36mUser Load (0.2ms)[0m  [1m[34mSELECT "users".* FROM "users" INNER JOIN "followers" ON "users"."id" = "followers"."follower_id" WHERE "followers"."user_id" = $1[0m  [["user_id", 1]]
  ↳ /Users/mark/.rvm/gems/ruby-2.5.1/gems/activerecord-5.2.3/lib/active_record/log_subscriber.rb:98
  [1m[36mUser Load (0.2ms)[0m  [1m[34mSELECT "users".* FROM "users" INNER JOIN "followers" ON "users"."id" = "followers"."user_id" WHERE "followers"."follower_id" = $1[0m  [["follower_id", 1]]
  ↳ /Users/mark/.rvm/gems/ruby-2.5.1/gems/activerecord-5.2.3/lib/active_record/log_subscriber.rb:98
Started POST "/api/users/1/follow?followed_user_id=3" for 127.0.0.1 at 2019-06-22 19:07:27 +0600
  [1m[36mUser Load (0.3ms)[0m  [1m[34mSELECT  "users".* FROM "users" WHERE "users"."id" = $1 LIMIT $2[0m  [["id", 1], ["LIMIT", 1]]
  ↳ app/api/api/v1/resources/users.rb:43
  [1m[36mUser Load (0.3ms)[0m  [1m[34mSELECT  "users".* FROM "users" WHERE "users"."id" = $1 LIMIT $2[0m  [["id", 3], ["LIMIT", 1]]
  ↳ app/api/api/v1/resources/users.rb:44
  [1m[35m (0.2ms)[0m  [1m[35mBEGIN[0m
  ↳ app/api/api/v1/resources/users.rb:45
  [1m[36mUser::HABTM_Following Create (0.3ms)[0m  [1m[32mINSERT INTO "followers" ("user_id", "follower_id") VALUES ($1, $2)[0m  [["user_id", 3], ["follower_id", 1]]
  ↳ app/api/api/v1/resources/users.rb:45
  [1m[35m (2.6ms)[0m  [1m[35mCOMMIT[0m
  ↳ app/api/api/v1/resources/users.rb:45
  [1m[36mUser Load (0.4ms)[0m  [1m[34mSELECT "users".* FROM "users" INNER JOIN "followers" ON "users"."id" = "followers"."follower_id" WHERE "followers"."user_id" = $1[0m  [["user_id", 1]]
  ↳ /Users/mark/.rvm/gems/ruby-2.5.1/gems/activerecord-5.2.3/lib/active_record/log_subscriber.rb:98
  [1m[36mUser Load (0.3ms)[0m  [1m[34mSELECT "users".* FROM "users" INNER JOIN "followers" ON "users"."id" = "followers"."user_id" WHERE "followers"."follower_id" = $1[0m  [["follower_id", 1]]
  ↳ /Users/mark/.rvm/gems/ruby-2.5.1/gems/activerecord-5.2.3/lib/active_record/log_subscriber.rb:98
Started POST "/api/users/10/follow?followed_user_id=3" for 127.0.0.1 at 2019-06-22 19:24:36 +0600
  [1m[35m (0.6ms)[0m  [1m[34mSELECT "schema_migrations"."version" FROM "schema_migrations" ORDER BY "schema_migrations"."version" ASC[0m
  ↳ /Users/mark/.rvm/gems/ruby-2.5.1/gems/activerecord-5.2.3/lib/active_record/log_subscriber.rb:98
  [1m[36mUser Load (0.6ms)[0m  [1m[34mSELECT  "users".* FROM "users" WHERE "users"."id" = $1 LIMIT $2[0m  [["id", 10], ["LIMIT", 1]]
  ↳ app/api/api/v1/resources/users.rb:43
  [1m[36mUser Load (0.3ms)[0m  [1m[34mSELECT  "users".* FROM "users" WHERE "users"."id" = $1 LIMIT $2[0m  [["id", 1], ["LIMIT", 1]]
  [1m[36mUser Load (0.5ms)[0m  [1m[34mSELECT  "users".* FROM "users" INNER JOIN "followers" ON "users"."id" = "followers"."follower_id" WHERE "followers"."user_id" = $1 LIMIT $2[0m  [["user_id", 1], ["LIMIT", 11]]
  [1m[36mUser Load (0.6ms)[0m  [1m[34mSELECT  "users".* FROM "users" INNER JOIN "followers" ON "users"."id" = "followers"."user_id" WHERE "followers"."follower_id" = $1 LIMIT $2[0m  [["follower_id", 1], ["LIMIT", 11]]
  [1m[36mUser Load (0.4ms)[0m  [1m[34mSELECT "users".* FROM "users" INNER JOIN "followers" ON "users"."id" = "followers"."follower_id" WHERE "followers"."user_id" = $1[0m  [["user_id", 1]]
  [1m[36mUser Load (0.4ms)[0m  [1m[34mSELECT "users".* FROM "users" INNER JOIN "followers" ON "users"."id" = "followers"."user_id" WHERE "followers"."follower_id" = $1[0m  [["follower_id", 1]]
  [1m[36mUser Load (0.4ms)[0m  [1m[34mSELECT  "users".* FROM "users" WHERE "users"."id" = $1 LIMIT $2[0m  [["id", 1], ["LIMIT", 1]]
  [1m[36mUser Load (0.7ms)[0m  [1m[34mSELECT  "users".* FROM "users" WHERE "users"."id" = $1 LIMIT $2[0m  [["id", 1], ["LIMIT", 1]]
  [1m[36mUser Load (0.6ms)[0m  [1m[34mSELECT "users".* FROM "users" INNER JOIN "followers" ON "users"."id" = "followers"."user_id" WHERE "followers"."follower_id" = $1[0m  [["follower_id", 1]]
  [1m[36mUser Load (0.3ms)[0m  [1m[34mSELECT "users".* FROM "users" INNER JOIN "followers" ON "users"."id" = "followers"."follower_id" WHERE "followers"."user_id" = $1[0m  [["user_id", 1]]
  [1m[36mSleepingRecord Load (0.7ms)[0m  [1m[34mSELECT "sleeping_records".* FROM "sleeping_records" WHERE "sleeping_records"."date" BETWEEN $1 AND $2[0m  [["date", "2019-06-15"], ["date", "2019-06-22"]]
  [1m[36mUser Load (0.3ms)[0m  [1m[34mSELECT  "users".* FROM "users" ORDER BY "users"."id" ASC LIMIT $1[0m  [["LIMIT", 1]]
  [1m[36mSleepingRecord Load (0.3ms)[0m  [1m[34mSELECT "sleeping_records".* FROM "sleeping_records" WHERE "sleeping_records"."user_id" = $1 AND "sleeping_records"."date" BETWEEN $2 AND $3 ORDER BY "sleeping_records"."date" ASC[0m  [["user_id", 1], ["date", "2019-06-15"], ["date", "2019-06-22"]]
  [1m[36mUser Load (0.7ms)[0m  [1m[34mSELECT  "users".* FROM "users" ORDER BY "users"."id" ASC LIMIT $1[0m  [["LIMIT", 1]]
  [1m[36mSleepingRecord Load (0.5ms)[0m  [1m[34mSELECT "sleeping_records".* FROM "sleeping_records" WHERE "sleeping_records"."user_id" = $1 AND "sleeping_records"."date" BETWEEN $2 AND $3 ORDER BY "sleeping_records"."date" ASC[0m  [["user_id", 1], ["date", "2019-06-15"], ["date", "2019-06-22"]]
Started POST "/api/users/1/check_in" for 127.0.0.1 at 2019-06-22 19:46:52 +0600
  [1m[36mUser Load (0.4ms)[0m  [1m[34mSELECT  "users".* FROM "users" WHERE "users"."id" = $1 LIMIT $2[0m  [["id", 1], ["LIMIT", 1]]
  ↳ app/api/api/v1/resources/users.rb:19
  [1m[36mSleepingRecord Load (0.5ms)[0m  [1m[34mSELECT  "sleeping_records".* FROM "sleeping_records" WHERE "sleeping_records"."user_id" = $1 ORDER BY "sleeping_records"."date" DESC LIMIT $2[0m  [["user_id", 1], ["LIMIT", 1]]
  ↳ app/models/user.rb:16
  [1m[35m (0.2ms)[0m  [1m[35mBEGIN[0m
  ↳ app/services/sleep_tracker.rb:19
  [1m[36mCACHE User Load (0.0ms)[0m  [1m[34mSELECT  "users".* FROM "users" WHERE "users"."id" = $1 LIMIT $2[0m  [["id", 1], ["LIMIT", 1]]
  ↳ app/services/sleep_tracker.rb:19
  [1m[36mSleepingRecord Exists (0.5ms)[0m  [1m[34mSELECT  1 AS one FROM "sleeping_records" WHERE "sleeping_records"."date" = $1 AND "sleeping_records"."user_id" = $2 AND "sleeping_records"."check_in_time" = $3 LIMIT $4[0m  [["date", "2019-06-22"], ["user_id", 1], ["check_in_time", "2019-06-22 13:46:53.156140"], ["LIMIT", 1]]
  ↳ app/services/sleep_tracker.rb:19
  [1m[36mSleepingRecord Create (1.8ms)[0m  [1m[32mINSERT INTO "sleeping_records" ("user_id", "check_in_time", "date", "created_at", "updated_at") VALUES ($1, $2, $3, $4, $5) RETURNING "id"[0m  [["user_id", 1], ["check_in_time", "2019-06-22 13:46:53.156140"], ["date", "2019-06-22"], ["created_at", "2019-06-22 13:46:53.164175"], ["updated_at", "2019-06-22 13:46:53.164175"]]
  ↳ app/services/sleep_tracker.rb:19
  [1m[35m (0.6ms)[0m  [1m[35mCOMMIT[0m
  ↳ app/services/sleep_tracker.rb:19
Started POST "/api/users/1/check_out" for 127.0.0.1 at 2019-06-22 19:47:04 +0600
  [1m[36mUser Load (0.3ms)[0m  [1m[34mSELECT  "users".* FROM "users" WHERE "users"."id" = $1 LIMIT $2[0m  [["id", 1], ["LIMIT", 1]]
  ↳ app/api/api/v1/resources/users.rb:28
  [1m[36mSleepingRecord Load (0.3ms)[0m  [1m[34mSELECT  "sleeping_records".* FROM "sleeping_records" WHERE "sleeping_records"."user_id" = $1 ORDER BY "sleeping_records"."date" DESC LIMIT $2[0m  [["user_id", 1], ["LIMIT", 1]]
  ↳ app/models/user.rb:20
  [1m[36mCACHE SleepingRecord Load (0.0ms)[0m  [1m[34mSELECT  "sleeping_records".* FROM "sleeping_records" WHERE "sleeping_records"."user_id" = $1 ORDER BY "sleeping_records"."date" DESC LIMIT $2[0m  [["user_id", 1], ["LIMIT", 1]]
  ↳ app/services/sleep_tracker.rb:25
  [1m[35m (0.2ms)[0m  [1m[35mBEGIN[0m
  ↳ app/services/sleep_tracker.rb:26
  [1m[36mCACHE User Load (0.0ms)[0m  [1m[34mSELECT  "users".* FROM "users" WHERE "users"."id" = $1 LIMIT $2[0m  [["id", 1], ["LIMIT", 1]]
  ↳ app/services/sleep_tracker.rb:26
  [1m[36mSleepingRecord Exists (0.5ms)[0m  [1m[34mSELECT  1 AS one FROM "sleeping_records" WHERE "sleeping_records"."date" = $1 AND "sleeping_records"."id" != $2 AND "sleeping_records"."user_id" = $3 AND "sleeping_records"."check_in_time" = $4 LIMIT $5[0m  [["date", "2019-06-22"], ["id", 8], ["user_id", 1], ["check_in_time", "2019-06-22 13:46:53.156140"], ["LIMIT", 1]]
  ↳ app/services/sleep_tracker.rb:26
  [1m[36mSleepingRecord Update (0.4ms)[0m  [1m[33mUPDATE "sleeping_records" SET "check_out_time" = $1, "updated_at" = $2 WHERE "sleeping_records"."id" = $3[0m  [["check_out_time", "2019-06-22 13:47:04.626056"], ["updated_at", "2019-06-22 13:47:04.629556"], ["id", 8]]
  ↳ app/services/sleep_tracker.rb:26
  [1m[35m (1.9ms)[0m  [1m[35mCOMMIT[0m
  ↳ app/services/sleep_tracker.rb:26
  [1m[36mUser Load (0.2ms)[0m  [1m[34mSELECT  "users".* FROM "users" ORDER BY "users"."id" ASC LIMIT $1[0m  [["LIMIT", 1]]
  [1m[36mSleepingRecord Load (0.3ms)[0m  [1m[34mSELECT "sleeping_records".* FROM "sleeping_records" WHERE "sleeping_records"."user_id" = $1 AND "sleeping_records"."date" BETWEEN $2 AND $3 ORDER BY "sleeping_records"."date" ASC[0m  [["user_id", 1], ["date", "2019-06-15"], ["date", "2019-06-22"]]
  [1m[36mUser Load (0.3ms)[0m  [1m[34mSELECT  "users".* FROM "users" ORDER BY "users"."id" ASC LIMIT $1[0m  [["LIMIT", 1]]
  [1m[36mSleepingRecord Load (0.3ms)[0m  [1m[34mSELECT "sleeping_records".* FROM "sleeping_records" WHERE "sleeping_records"."user_id" = $1 AND "sleeping_records"."date" BETWEEN $2 AND $3 ORDER BY "sleeping_records"."date" ASC[0m  [["user_id", 1], ["date", "2019-06-15"], ["date", "2019-06-22"]]
  [1m[36mUser Load (0.6ms)[0m  [1m[34mSELECT  "users".* FROM "users" ORDER BY "users"."id" ASC LIMIT $1[0m  [["LIMIT", 1]]
  [1m[36mSleepingRecord Load (0.5ms)[0m  [1m[34mSELECT "sleeping_records".* FROM "sleeping_records" WHERE "sleeping_records"."user_id" = $1 AND "sleeping_records"."date" BETWEEN $2 AND $3 ORDER BY "sleeping_records"."date" ASC[0m  [["user_id", 1], ["date", "2019-06-15"], ["date", "2019-06-22"]]
  [1m[36mUser Load (0.7ms)[0m  [1m[34mSELECT  "users".* FROM "users" ORDER BY "users"."id" ASC LIMIT $1[0m  [["LIMIT", 1]]
  [1m[36mSleepingRecord Load (0.4ms)[0m  [1m[34mSELECT "sleeping_records".* FROM "sleeping_records" WHERE "sleeping_records"."user_id" = $1 AND "sleeping_records"."date" BETWEEN $2 AND $3 ORDER BY "sleeping_records"."date" ASC[0m  [["user_id", 1], ["date", "2019-06-15"], ["date", "2019-06-22"]]
Started GET "/api/users/1/friends" for 127.0.0.1 at 2019-06-22 19:57:34 +0600
  [1m[35m (1.3ms)[0m  [1m[34mSELECT "schema_migrations"."version" FROM "schema_migrations" ORDER BY "schema_migrations"."version" ASC[0m
  ↳ /Users/mark/.rvm/gems/ruby-2.5.1/gems/activerecord-5.2.3/lib/active_record/log_subscriber.rb:98
  [1m[36mUser Load (0.5ms)[0m  [1m[34mSELECT  "users".* FROM "users" WHERE "users"."id" = $1 LIMIT $2[0m  [["id", 1], ["LIMIT", 1]]
  ↳ app/api/api/v1/resources/users.rb:70
  [1m[36mUser Load (0.8ms)[0m  [1m[34mSELECT "users".* FROM "users" INNER JOIN "followers" ON "users"."id" = "followers"."user_id" WHERE "followers"."follower_id" = $1[0m  [["follower_id", 1]]
  ↳ app/models/user.rb:25
  [1m[36mUser Load (0.3ms)[0m  [1m[34mSELECT "users".* FROM "users" INNER JOIN "followers" ON "users"."id" = "followers"."follower_id" WHERE "followers"."user_id" = $1[0m  [["user_id", 1]]
  ↳ app/models/user.rb:25
Started GET "/api/users/1/friends" for 127.0.0.1 at 2019-06-22 19:59:35 +0600
  [1m[35m (0.4ms)[0m  [1m[34mSELECT "schema_migrations"."version" FROM "schema_migrations" ORDER BY "schema_migrations"."version" ASC[0m
  ↳ /Users/mark/.rvm/gems/ruby-2.5.1/gems/activerecord-5.2.3/lib/active_record/log_subscriber.rb:98
  [1m[36mUser Load (0.5ms)[0m  [1m[34mSELECT  "users".* FROM "users" WHERE "users"."id" = $1 LIMIT $2[0m  [["id", 1], ["LIMIT", 1]]
  ↳ app/api/api/v1/resources/users.rb:70
  [1m[36mUser Load (0.4ms)[0m  [1m[34mSELECT "users".* FROM "users" INNER JOIN "followers" ON "users"."id" = "followers"."user_id" WHERE "followers"."follower_id" = $1[0m  [["follower_id", 1]]
  ↳ app/models/user.rb:25
  [1m[36mUser Load (0.2ms)[0m  [1m[34mSELECT "users".* FROM "users" INNER JOIN "followers" ON "users"."id" = "followers"."follower_id" WHERE "followers"."user_id" = $1[0m  [["user_id", 1]]
  ↳ app/models/user.rb:25
  [1m[36mSleepingRecord Load (0.4ms)[0m  [1m[34mSELECT "sleeping_records".* FROM "sleeping_records" WHERE "sleeping_records"."user_id" = $1 AND "sleeping_records"."date" BETWEEN $2 AND $3 ORDER BY "sleeping_records"."date" ASC[0m  [["user_id", 2], ["date", "2019-06-15"], ["date", "2019-06-22"]]
  ↳ app/models/sleeping_record.rb:28
Started GET "/api/users/1/friends" for 127.0.0.1 at 2019-06-22 20:05:58 +0600
  [1m[35m (0.6ms)[0m  [1m[34mSELECT "schema_migrations"."version" FROM "schema_migrations" ORDER BY "schema_migrations"."version" ASC[0m
  ↳ /Users/mark/.rvm/gems/ruby-2.5.1/gems/activerecord-5.2.3/lib/active_record/log_subscriber.rb:98
  [1m[36mUser Load (0.4ms)[0m  [1m[34mSELECT  "users".* FROM "users" WHERE "users"."id" = $1 LIMIT $2[0m  [["id", 1], ["LIMIT", 1]]
  ↳ app/api/api/v1/resources/users.rb:70
  [1m[36mUser Load (0.6ms)[0m  [1m[34mSELECT "users".* FROM "users" INNER JOIN "followers" ON "users"."id" = "followers"."user_id" WHERE "followers"."follower_id" = $1[0m  [["follower_id", 1]]
  ↳ app/models/user.rb:25
  [1m[36mUser Load (0.3ms)[0m  [1m[34mSELECT "users".* FROM "users" INNER JOIN "followers" ON "users"."id" = "followers"."follower_id" WHERE "followers"."user_id" = $1[0m  [["user_id", 1]]
  ↳ app/models/user.rb:25
Started GET "/api/users/1/friends" for 127.0.0.1 at 2019-06-22 20:08:25 +0600
  [1m[35m (0.5ms)[0m  [1m[34mSELECT "schema_migrations"."version" FROM "schema_migrations" ORDER BY "schema_migrations"."version" ASC[0m
  ↳ /Users/mark/.rvm/gems/ruby-2.5.1/gems/activerecord-5.2.3/lib/active_record/log_subscriber.rb:98
  [1m[36mUser Load (0.4ms)[0m  [1m[34mSELECT  "users".* FROM "users" WHERE "users"."id" = $1 LIMIT $2[0m  [["id", 1], ["LIMIT", 1]]
  ↳ app/api/api/v1/resources/users.rb:70
  [1m[36mUser Load (0.4ms)[0m  [1m[34mSELECT "users".* FROM "users" INNER JOIN "followers" ON "users"."id" = "followers"."user_id" WHERE "followers"."follower_id" = $1[0m  [["follower_id", 1]]
  ↳ app/models/user.rb:25
  [1m[36mUser Load (0.2ms)[0m  [1m[34mSELECT "users".* FROM "users" INNER JOIN "followers" ON "users"."id" = "followers"."follower_id" WHERE "followers"."user_id" = $1[0m  [["user_id", 1]]
  ↳ app/models/user.rb:25
Started GET "/api/users/1/friends" for 127.0.0.1 at 2019-06-22 20:10:10 +0600
  [1m[35m (0.6ms)[0m  [1m[34mSELECT "schema_migrations"."version" FROM "schema_migrations" ORDER BY "schema_migrations"."version" ASC[0m
  ↳ /Users/mark/.rvm/gems/ruby-2.5.1/gems/activerecord-5.2.3/lib/active_record/log_subscriber.rb:98
  [1m[36mUser Load (0.4ms)[0m  [1m[34mSELECT  "users".* FROM "users" WHERE "users"."id" = $1 LIMIT $2[0m  [["id", 1], ["LIMIT", 1]]
  ↳ app/api/api/v1/resources/users.rb:70
  [1m[36mUser Load (0.5ms)[0m  [1m[34mSELECT "users".* FROM "users" INNER JOIN "followers" ON "users"."id" = "followers"."user_id" WHERE "followers"."follower_id" = $1[0m  [["follower_id", 1]]
  ↳ app/models/user.rb:25
  [1m[36mUser Load (0.2ms)[0m  [1m[34mSELECT "users".* FROM "users" INNER JOIN "followers" ON "users"."id" = "followers"."follower_id" WHERE "followers"."user_id" = $1[0m  [["user_id", 1]]
  ↳ app/models/user.rb:25
  [1m[36mSleepingRecord Load (0.5ms)[0m  [1m[34mSELECT "sleeping_records".* FROM "sleeping_records" WHERE "sleeping_records"."user_id" = $1 AND "sleeping_records"."date" BETWEEN $2 AND $3 ORDER BY "sleeping_records"."date" ASC[0m  [["user_id", 2], ["date", "2019-06-15"], ["date", "2019-06-22"]]
  ↳ app/models/sleeping_record.rb:28
Started GET "/api/users/1/friends" for 127.0.0.1 at 2019-06-22 20:13:34 +0600
  [1m[35m (0.5ms)[0m  [1m[34mSELECT "schema_migrations"."version" FROM "schema_migrations" ORDER BY "schema_migrations"."version" ASC[0m
  ↳ /Users/mark/.rvm/gems/ruby-2.5.1/gems/activerecord-5.2.3/lib/active_record/log_subscriber.rb:98
  [1m[36mUser Load (0.4ms)[0m  [1m[34mSELECT  "users".* FROM "users" WHERE "users"."id" = $1 LIMIT $2[0m  [["id", 1], ["LIMIT", 1]]
  ↳ app/api/api/v1/resources/users.rb:70
  [1m[36mSleepingRecord Load (0.7ms)[0m  [1m[34mSELECT "sleeping_records".* FROM "sleeping_records" WHERE "sleeping_records"."user_id" = $1 AND "sleeping_records"."date" BETWEEN $2 AND $3 ORDER BY "sleeping_records"."date" ASC[0m  [["user_id", 1], ["date", "2019-06-15"], ["date", "2019-06-22"]]
  ↳ app/models/sleeping_record.rb:28
Started GET "/api/users/1/friends" for 127.0.0.1 at 2019-06-22 20:22:05 +0600
  [1m[35m (0.7ms)[0m  [1m[34mSELECT "schema_migrations"."version" FROM "schema_migrations" ORDER BY "schema_migrations"."version" ASC[0m
  ↳ /Users/mark/.rvm/gems/ruby-2.5.1/gems/activerecord-5.2.3/lib/active_record/log_subscriber.rb:98
  [1m[36mUser Load (0.4ms)[0m  [1m[34mSELECT  "users".* FROM "users" WHERE "users"."id" = $1 LIMIT $2[0m  [["id", 1], ["LIMIT", 1]]
  ↳ app/api/api/v1/resources/users.rb:70
  [1m[36mUser Load (0.4ms)[0m  [1m[34mSELECT "users".* FROM "users" INNER JOIN "followers" ON "users"."id" = "followers"."user_id" WHERE "followers"."follower_id" = $1[0m  [["follower_id", 1]]
  ↳ app/models/user.rb:25
  [1m[36mUser Load (0.3ms)[0m  [1m[34mSELECT "users".* FROM "users" INNER JOIN "followers" ON "users"."id" = "followers"."follower_id" WHERE "followers"."user_id" = $1[0m  [["user_id", 1]]
  ↳ app/models/user.rb:25
  [1m[36mSleepingRecord Load (0.5ms)[0m  [1m[34mSELECT "sleeping_records".* FROM "sleeping_records" WHERE "sleeping_records"."user_id" = $1 AND "sleeping_records"."date" BETWEEN $2 AND $3 ORDER BY "sleeping_records"."date" ASC[0m  [["user_id", 2], ["date", "2019-06-15"], ["date", "2019-06-22"]]
  ↳ app/models/sleeping_record.rb:28
Started GET "/api/users/1/friends" for 127.0.0.1 at 2019-06-22 20:22:39 +0600
  [1m[35m (0.6ms)[0m  [1m[34mSELECT "schema_migrations"."version" FROM "schema_migrations" ORDER BY "schema_migrations"."version" ASC[0m
  ↳ /Users/mark/.rvm/gems/ruby-2.5.1/gems/activerecord-5.2.3/lib/active_record/log_subscriber.rb:98
  [1m[36mUser Load (0.4ms)[0m  [1m[34mSELECT  "users".* FROM "users" WHERE "users"."id" = $1 LIMIT $2[0m  [["id", 1], ["LIMIT", 1]]
  ↳ app/api/api/v1/resources/users.rb:70
  [1m[36mUser Load (0.6ms)[0m  [1m[34mSELECT "users".* FROM "users" INNER JOIN "followers" ON "users"."id" = "followers"."user_id" WHERE "followers"."follower_id" = $1[0m  [["follower_id", 1]]
  ↳ app/models/user.rb:25
  [1m[36mUser Load (0.4ms)[0m  [1m[34mSELECT "users".* FROM "users" INNER JOIN "followers" ON "users"."id" = "followers"."follower_id" WHERE "followers"."user_id" = $1[0m  [["user_id", 1]]
  ↳ app/models/user.rb:25
Started GET "/api/users/1/friends" for 127.0.0.1 at 2019-06-22 20:22:50 +0600
  [1m[36mUser Load (0.3ms)[0m  [1m[34mSELECT  "users".* FROM "users" WHERE "users"."id" = $1 LIMIT $2[0m  [["id", 1], ["LIMIT", 1]]
  ↳ app/api/api/v1/resources/users.rb:70
  [1m[36mUser Load (0.3ms)[0m  [1m[34mSELECT "users".* FROM "users" INNER JOIN "followers" ON "users"."id" = "followers"."user_id" WHERE "followers"."follower_id" = $1[0m  [["follower_id", 1]]
  ↳ app/models/user.rb:25
  [1m[36mUser Load (0.4ms)[0m  [1m[34mSELECT "users".* FROM "users" INNER JOIN "followers" ON "users"."id" = "followers"."follower_id" WHERE "followers"."user_id" = $1[0m  [["user_id", 1]]
  ↳ app/models/user.rb:25
Started GET "/api/users/1/friends" for 127.0.0.1 at 2019-06-22 20:23:49 +0600
  [1m[35m (0.5ms)[0m  [1m[34mSELECT "schema_migrations"."version" FROM "schema_migrations" ORDER BY "schema_migrations"."version" ASC[0m
  ↳ /Users/mark/.rvm/gems/ruby-2.5.1/gems/activerecord-5.2.3/lib/active_record/log_subscriber.rb:98
  [1m[36mUser Load (0.5ms)[0m  [1m[34mSELECT  "users".* FROM "users" WHERE "users"."id" = $1 LIMIT $2[0m  [["id", 1], ["LIMIT", 1]]
  ↳ app/api/api/v1/resources/users.rb:70
  [1m[36mUser Load (0.4ms)[0m  [1m[34mSELECT "users".* FROM "users" INNER JOIN "followers" ON "users"."id" = "followers"."user_id" WHERE "followers"."follower_id" = $1[0m  [["follower_id", 1]]
  ↳ app/models/user.rb:25
  [1m[36mUser Load (0.2ms)[0m  [1m[34mSELECT "users".* FROM "users" INNER JOIN "followers" ON "users"."id" = "followers"."follower_id" WHERE "followers"."user_id" = $1[0m  [["user_id", 1]]
  ↳ app/models/user.rb:25
Started GET "/api/users/1/friends" for 127.0.0.1 at 2019-06-22 20:24:05 +0600
  [1m[35m (0.4ms)[0m  [1m[34mSELECT "schema_migrations"."version" FROM "schema_migrations" ORDER BY "schema_migrations"."version" ASC[0m
  ↳ /Users/mark/.rvm/gems/ruby-2.5.1/gems/activerecord-5.2.3/lib/active_record/log_subscriber.rb:98
  [1m[36mUser Load (0.4ms)[0m  [1m[34mSELECT  "users".* FROM "users" WHERE "users"."id" = $1 LIMIT $2[0m  [["id", 1], ["LIMIT", 1]]
  ↳ app/api/api/v1/resources/users.rb:70
Started GET "/api/users/1/friends" for 127.0.0.1 at 2019-06-22 20:24:21 +0600
  [1m[36mUser Load (0.3ms)[0m  [1m[34mSELECT  "users".* FROM "users" WHERE "users"."id" = $1 LIMIT $2[0m  [["id", 1], ["LIMIT", 1]]
  ↳ app/api/api/v1/resources/users.rb:70
Started GET "/api/users/1/friends" for 127.0.0.1 at 2019-06-22 20:24:31 +0600
  [1m[35m (0.9ms)[0m  [1m[34mSELECT "schema_migrations"."version" FROM "schema_migrations" ORDER BY "schema_migrations"."version" ASC[0m
  ↳ /Users/mark/.rvm/gems/ruby-2.5.1/gems/activerecord-5.2.3/lib/active_record/log_subscriber.rb:98
  [1m[36mUser Load (0.4ms)[0m  [1m[34mSELECT  "users".* FROM "users" WHERE "users"."id" = $1 LIMIT $2[0m  [["id", 1], ["LIMIT", 1]]
  ↳ app/api/api/v1/resources/users.rb:70
Started GET "/api/users/1/friends" for 127.0.0.1 at 2019-06-22 20:28:20 +0600
  [1m[35m (0.7ms)[0m  [1m[34mSELECT "schema_migrations"."version" FROM "schema_migrations" ORDER BY "schema_migrations"."version" ASC[0m
  ↳ /Users/mark/.rvm/gems/ruby-2.5.1/gems/activerecord-5.2.3/lib/active_record/log_subscriber.rb:98
  [1m[36mUser Load (0.5ms)[0m  [1m[34mSELECT  "users".* FROM "users" WHERE "users"."id" = $1 LIMIT $2[0m  [["id", 1], ["LIMIT", 1]]
  ↳ app/api/api/v1/resources/users.rb:70
  [1m[36mUser Load (0.7ms)[0m  [1m[34mSELECT "users".* FROM "users" INNER JOIN "followers" ON "users"."id" = "followers"."user_id" WHERE "followers"."follower_id" = $1[0m  [["follower_id", 1]]
  ↳ app/models/user.rb:25
  [1m[36mUser Load (0.3ms)[0m  [1m[34mSELECT "users".* FROM "users" INNER JOIN "followers" ON "users"."id" = "followers"."follower_id" WHERE "followers"."user_id" = $1[0m  [["user_id", 1]]
  ↳ app/models/user.rb:25
  [1m[36mSleepingRecord Load (1.0ms)[0m  [1m[34mSELECT "sleeping_records".* FROM "sleeping_records" WHERE "sleeping_records"."user_id" = $1 AND "sleeping_records"."date" BETWEEN $2 AND $3 ORDER BY "sleeping_records"."date" ASC[0m  [["user_id", 2], ["date", "2019-06-15"], ["date", "2019-06-22"]]
  ↳ app/models/sleeping_record.rb:28
  [1m[36mCACHE SleepingRecord Load (0.1ms)[0m  [1m[34mSELECT "sleeping_records".* FROM "sleeping_records" WHERE "sleeping_records"."user_id" = $1 AND "sleeping_records"."date" BETWEEN $2 AND $3 ORDER BY "sleeping_records"."date" ASC[0m  [["user_id", 2], ["date", "2019-06-15"], ["date", "2019-06-22"]]
  ↳ app/models/sleeping_record.rb:28
  [1m[36mCACHE SleepingRecord Load (0.1ms)[0m  [1m[34mSELECT "sleeping_records".* FROM "sleeping_records" WHERE "sleeping_records"."user_id" = $1 AND "sleeping_records"."date" BETWEEN $2 AND $3 ORDER BY "sleeping_records"."date" ASC[0m  [["user_id", 2], ["date", "2019-06-15"], ["date", "2019-06-22"]]
  ↳ app/models/sleeping_record.rb:28
Started GET "/api/users/1/friends" for 127.0.0.1 at 2019-06-22 20:30:07 +0600
  [1m[35m (1.0ms)[0m  [1m[34mSELECT "schema_migrations"."version" FROM "schema_migrations" ORDER BY "schema_migrations"."version" ASC[0m
  ↳ /Users/mark/.rvm/gems/ruby-2.5.1/gems/activerecord-5.2.3/lib/active_record/log_subscriber.rb:98
  [1m[36mUser Load (0.8ms)[0m  [1m[34mSELECT  "users".* FROM "users" WHERE "users"."id" = $1 LIMIT $2[0m  [["id", 1], ["LIMIT", 1]]
  ↳ app/api/api/v1/resources/users.rb:70
  [1m[36mUser Load (0.6ms)[0m  [1m[34mSELECT "users".* FROM "users" INNER JOIN "followers" ON "users"."id" = "followers"."user_id" WHERE "followers"."follower_id" = $1[0m  [["follower_id", 1]]
  ↳ app/models/user.rb:25
  [1m[36mUser Load (0.5ms)[0m  [1m[34mSELECT "users".* FROM "users" INNER JOIN "followers" ON "users"."id" = "followers"."follower_id" WHERE "followers"."user_id" = $1[0m  [["user_id", 1]]
  ↳ app/models/user.rb:25
  [1m[36mSleepingRecord Load (0.7ms)[0m  [1m[34mSELECT "sleeping_records".* FROM "sleeping_records" WHERE "sleeping_records"."user_id" = $1 AND "sleeping_records"."date" BETWEEN $2 AND $3 ORDER BY "sleeping_records"."date" ASC[0m  [["user_id", 2], ["date", "2019-06-15"], ["date", "2019-06-22"]]
  ↳ app/models/sleeping_record.rb:28
Started GET "/api/users/1/friends" for 127.0.0.1 at 2019-06-22 20:33:51 +0600
  [1m[35m (1.5ms)[0m  [1m[34mSELECT "schema_migrations"."version" FROM "schema_migrations" ORDER BY "schema_migrations"."version" ASC[0m
  ↳ /Users/mark/.rvm/gems/ruby-2.5.1/gems/activerecord-5.2.3/lib/active_record/log_subscriber.rb:98
  [1m[36mUser Load (0.6ms)[0m  [1m[34mSELECT  "users".* FROM "users" WHERE "users"."id" = $1 LIMIT $2[0m  [["id", 1], ["LIMIT", 1]]
  ↳ app/api/api/v1/resources/users.rb:70
  [1m[36mUser Load (0.6ms)[0m  [1m[34mSELECT "users".* FROM "users" INNER JOIN "followers" ON "users"."id" = "followers"."user_id" WHERE "followers"."follower_id" = $1[0m  [["follower_id", 1]]
  ↳ app/models/user.rb:25
  [1m[36mUser Load (0.4ms)[0m  [1m[34mSELECT "users".* FROM "users" INNER JOIN "followers" ON "users"."id" = "followers"."follower_id" WHERE "followers"."user_id" = $1[0m  [["user_id", 1]]
  ↳ app/models/user.rb:25
Started POST "/api/users/3/check_in" for 127.0.0.1 at 2019-06-22 20:43:27 +0600
  [1m[35m (0.6ms)[0m  [1m[34mSELECT "schema_migrations"."version" FROM "schema_migrations" ORDER BY "schema_migrations"."version" ASC[0m
  ↳ /Users/mark/.rvm/gems/ruby-2.5.1/gems/activerecord-5.2.3/lib/active_record/log_subscriber.rb:98
  [1m[36mUser Load (0.8ms)[0m  [1m[34mSELECT  "users".* FROM "users" WHERE "users"."id" = $1 LIMIT $2[0m  [["id", 3], ["LIMIT", 1]]
  ↳ app/api/api/v1/resources/users.rb:19
  [1m[36mSleepingRecord Load (0.8ms)[0m  [1m[34mSELECT  "sleeping_records".* FROM "sleeping_records" WHERE "sleeping_records"."user_id" = $1 ORDER BY "sleeping_records"."date" DESC LIMIT $2[0m  [["user_id", 3], ["LIMIT", 1]]
  ↳ app/models/user.rb:16
  [1m[35m (0.4ms)[0m  [1m[35mBEGIN[0m
  ↳ app/services/sleep_tracker.rb:19
  [1m[36mCACHE User Load (0.0ms)[0m  [1m[34mSELECT  "users".* FROM "users" WHERE "users"."id" = $1 LIMIT $2[0m  [["id", 3], ["LIMIT", 1]]
  ↳ app/services/sleep_tracker.rb:19
  [1m[36mSleepingRecord Exists (0.7ms)[0m  [1m[34mSELECT  1 AS one FROM "sleeping_records" WHERE "sleeping_records"."date" = $1 AND "sleeping_records"."user_id" = $2 AND "sleeping_records"."check_in_time" = $3 LIMIT $4[0m  [["date", "2019-06-22"], ["user_id", 3], ["check_in_time", "2019-06-22 14:43:28.099407"], ["LIMIT", 1]]
  ↳ app/services/sleep_tracker.rb:19
  [1m[36mSleepingRecord Create (1.5ms)[0m  [1m[32mINSERT INTO "sleeping_records" ("user_id", "check_in_time", "date", "created_at", "updated_at") VALUES ($1, $2, $3, $4, $5) RETURNING "id"[0m  [["user_id", 3], ["check_in_time", "2019-06-22 14:43:28.099407"], ["date", "2019-06-22"], ["created_at", "2019-06-22 14:43:28.122194"], ["updated_at", "2019-06-22 14:43:28.122194"]]
  ↳ app/services/sleep_tracker.rb:19
  [1m[35m (1.3ms)[0m  [1m[35mCOMMIT[0m
  ↳ app/services/sleep_tracker.rb:19
Started POST "/api/users/3/check_out" for 127.0.0.1 at 2019-06-22 20:43:41 +0600
  [1m[36mUser Load (0.3ms)[0m  [1m[34mSELECT  "users".* FROM "users" WHERE "users"."id" = $1 LIMIT $2[0m  [["id", 3], ["LIMIT", 1]]
  ↳ app/api/api/v1/resources/users.rb:28
  [1m[36mSleepingRecord Load (0.4ms)[0m  [1m[34mSELECT  "sleeping_records".* FROM "sleeping_records" WHERE "sleeping_records"."user_id" = $1 ORDER BY "sleeping_records"."date" DESC LIMIT $2[0m  [["user_id", 3], ["LIMIT", 1]]
  ↳ app/models/user.rb:20
  [1m[36mCACHE SleepingRecord Load (0.0ms)[0m  [1m[34mSELECT  "sleeping_records".* FROM "sleeping_records" WHERE "sleeping_records"."user_id" = $1 ORDER BY "sleeping_records"."date" DESC LIMIT $2[0m  [["user_id", 3], ["LIMIT", 1]]
  ↳ app/services/sleep_tracker.rb:25
  [1m[35m (0.3ms)[0m  [1m[35mBEGIN[0m
  ↳ app/services/sleep_tracker.rb:26
  [1m[36mCACHE User Load (0.0ms)[0m  [1m[34mSELECT  "users".* FROM "users" WHERE "users"."id" = $1 LIMIT $2[0m  [["id", 3], ["LIMIT", 1]]
  ↳ app/services/sleep_tracker.rb:26
  [1m[36mSleepingRecord Exists (0.4ms)[0m  [1m[34mSELECT  1 AS one FROM "sleeping_records" WHERE "sleeping_records"."date" = $1 AND "sleeping_records"."id" != $2 AND "sleeping_records"."user_id" = $3 AND "sleeping_records"."check_in_time" = $4 LIMIT $5[0m  [["date", "2019-06-22"], ["id", 9], ["user_id", 3], ["check_in_time", "2019-06-22 14:43:28.099407"], ["LIMIT", 1]]
  ↳ app/services/sleep_tracker.rb:26
  [1m[36mSleepingRecord Update (0.5ms)[0m  [1m[33mUPDATE "sleeping_records" SET "check_out_time" = $1, "updated_at" = $2 WHERE "sleeping_records"."id" = $3[0m  [["check_out_time", "2019-06-22 14:43:41.781254"], ["updated_at", "2019-06-22 14:43:41.793004"], ["id", 9]]
  ↳ app/services/sleep_tracker.rb:26
  [1m[35m (0.4ms)[0m  [1m[35mCOMMIT[0m
  ↳ app/services/sleep_tracker.rb:26
Started GET "/api/users/1/friends" for 127.0.0.1 at 2019-06-22 20:44:52 +0600
  [1m[35m (0.7ms)[0m  [1m[34mSELECT "schema_migrations"."version" FROM "schema_migrations" ORDER BY "schema_migrations"."version" ASC[0m
  ↳ /Users/mark/.rvm/gems/ruby-2.5.1/gems/activerecord-5.2.3/lib/active_record/log_subscriber.rb:98
  [1m[36mUser Load (0.5ms)[0m  [1m[34mSELECT  "users".* FROM "users" WHERE "users"."id" = $1 LIMIT $2[0m  [["id", 1], ["LIMIT", 1]]
  ↳ app/api/api/v1/resources/users.rb:70
  [1m[36mUser Load (0.6ms)[0m  [1m[34mSELECT "users".* FROM "users" INNER JOIN "followers" ON "users"."id" = "followers"."user_id" WHERE "followers"."follower_id" = $1[0m  [["follower_id", 1]]
  ↳ app/models/user.rb:25
  [1m[36mUser Load (0.2ms)[0m  [1m[34mSELECT "users".* FROM "users" INNER JOIN "followers" ON "users"."id" = "followers"."follower_id" WHERE "followers"."user_id" = $1[0m  [["user_id", 1]]
  ↳ app/models/user.rb:25
  [1m[36mSleepingRecord Load (0.9ms)[0m  [1m[34mSELECT "sleeping_records".* FROM "sleeping_records" WHERE "sleeping_records"."user_id" = $1 AND "sleeping_records"."date" BETWEEN $2 AND $3 ORDER BY "sleeping_records"."date" ASC[0m  [["user_id", 2], ["date", "2019-06-15"], ["date", "2019-06-22"]]
  ↳ app/models/sleeping_record.rb:28
Started GET "/api/users/1/friends" for 127.0.0.1 at 2019-06-22 20:48:12 +0600
  [1m[35m (0.6ms)[0m  [1m[34mSELECT "schema_migrations"."version" FROM "schema_migrations" ORDER BY "schema_migrations"."version" ASC[0m
  ↳ /Users/mark/.rvm/gems/ruby-2.5.1/gems/activerecord-5.2.3/lib/active_record/log_subscriber.rb:98
  [1m[36mUser Load (0.6ms)[0m  [1m[34mSELECT  "users".* FROM "users" WHERE "users"."id" = $1 LIMIT $2[0m  [["id", 1], ["LIMIT", 1]]
  ↳ app/api/api/v1/resources/users.rb:70
  [1m[36mUser Load (0.9ms)[0m  [1m[34mSELECT "users".* FROM "users" INNER JOIN "followers" ON "users"."id" = "followers"."user_id" WHERE "followers"."follower_id" = $1[0m  [["follower_id", 1]]
  ↳ app/models/user.rb:25
  [1m[36mUser Load (0.3ms)[0m  [1m[34mSELECT "users".* FROM "users" INNER JOIN "followers" ON "users"."id" = "followers"."follower_id" WHERE "followers"."user_id" = $1[0m  [["user_id", 1]]
  ↳ app/models/user.rb:25
  [1m[36mSleepingRecord Load (0.8ms)[0m  [1m[34mSELECT "sleeping_records".* FROM "sleeping_records" WHERE "sleeping_records"."user_id" = $1 AND "sleeping_records"."date" BETWEEN $2 AND $3 ORDER BY "sleeping_records"."date" ASC[0m  [["user_id", 2], ["date", "2019-06-15"], ["date", "2019-06-22"]]
  ↳ app/models/sleeping_record.rb:28
Started GET "/api/users/1/friends" for 127.0.0.1 at 2019-06-22 20:54:53 +0600
  [1m[35m (0.7ms)[0m  [1m[34mSELECT "schema_migrations"."version" FROM "schema_migrations" ORDER BY "schema_migrations"."version" ASC[0m
  ↳ /Users/mark/.rvm/gems/ruby-2.5.1/gems/activerecord-5.2.3/lib/active_record/log_subscriber.rb:98
  [1m[36mUser Load (0.6ms)[0m  [1m[34mSELECT  "users".* FROM "users" WHERE "users"."id" = $1 LIMIT $2[0m  [["id", 1], ["LIMIT", 1]]
  ↳ app/api/api/v1/resources/users.rb:70
  [1m[36mUser Load (0.5ms)[0m  [1m[34mSELECT "users".* FROM "users" INNER JOIN "followers" ON "users"."id" = "followers"."user_id" WHERE "followers"."follower_id" = $1[0m  [["follower_id", 1]]
  ↳ app/models/user.rb:25
  [1m[36mUser Load (0.3ms)[0m  [1m[34mSELECT "users".* FROM "users" INNER JOIN "followers" ON "users"."id" = "followers"."follower_id" WHERE "followers"."user_id" = $1[0m  [["user_id", 1]]
  ↳ app/models/user.rb:25
  [1m[36mSleepingRecord Load (0.8ms)[0m  [1m[34mSELECT "sleeping_records".* FROM "sleeping_records" WHERE "sleeping_records"."user_id" = $1 AND "sleeping_records"."date" BETWEEN $2 AND $3 ORDER BY "sleeping_records"."date" ASC[0m  [["user_id", 2], ["date", "2019-06-15"], ["date", "2019-06-22"]]
  ↳ app/models/sleeping_record.rb:28
Started GET "/api/users/1/friends" for 127.0.0.1 at 2019-06-22 20:57:24 +0600
  [1m[35m (0.8ms)[0m  [1m[34mSELECT "schema_migrations"."version" FROM "schema_migrations" ORDER BY "schema_migrations"."version" ASC[0m
  ↳ /Users/mark/.rvm/gems/ruby-2.5.1/gems/activerecord-5.2.3/lib/active_record/log_subscriber.rb:98
  [1m[36mUser Load (0.4ms)[0m  [1m[34mSELECT  "users".* FROM "users" WHERE "users"."id" = $1 LIMIT $2[0m  [["id", 1], ["LIMIT", 1]]
  ↳ app/api/api/v1/resources/users.rb:70
  [1m[36mUser Load (0.4ms)[0m  [1m[34mSELECT "users".* FROM "users" INNER JOIN "followers" ON "users"."id" = "followers"."user_id" WHERE "followers"."follower_id" = $1[0m  [["follower_id", 1]]
  ↳ app/models/user.rb:25
  [1m[36mUser Load (0.2ms)[0m  [1m[34mSELECT "users".* FROM "users" INNER JOIN "followers" ON "users"."id" = "followers"."follower_id" WHERE "followers"."user_id" = $1[0m  [["user_id", 1]]
  ↳ app/models/user.rb:25
Started GET "/api/users/1/friends" for 127.0.0.1 at 2019-06-22 20:58:10 +0600
  [1m[35m (0.5ms)[0m  [1m[34mSELECT "schema_migrations"."version" FROM "schema_migrations" ORDER BY "schema_migrations"."version" ASC[0m
  ↳ /Users/mark/.rvm/gems/ruby-2.5.1/gems/activerecord-5.2.3/lib/active_record/log_subscriber.rb:98
  [1m[36mUser Load (0.3ms)[0m  [1m[34mSELECT  "users".* FROM "users" WHERE "users"."id" = $1 LIMIT $2[0m  [["id", 1], ["LIMIT", 1]]
  ↳ app/api/api/v1/resources/users.rb:70
  [1m[36mUser Load (0.5ms)[0m  [1m[34mSELECT "users".* FROM "users" INNER JOIN "followers" ON "users"."id" = "followers"."user_id" WHERE "followers"."follower_id" = $1[0m  [["follower_id", 1]]
  ↳ app/models/user.rb:25
  [1m[36mUser Load (0.3ms)[0m  [1m[34mSELECT "users".* FROM "users" INNER JOIN "followers" ON "users"."id" = "followers"."follower_id" WHERE "followers"."user_id" = $1[0m  [["user_id", 1]]
  ↳ app/models/user.rb:25
Started GET "/api/users/1/friends" for 127.0.0.1 at 2019-06-22 21:00:58 +0600
  [1m[35m (0.4ms)[0m  [1m[34mSELECT "schema_migrations"."version" FROM "schema_migrations" ORDER BY "schema_migrations"."version" ASC[0m
  ↳ /Users/mark/.rvm/gems/ruby-2.5.1/gems/activerecord-5.2.3/lib/active_record/log_subscriber.rb:98
  [1m[36mUser Load (0.3ms)[0m  [1m[34mSELECT  "users".* FROM "users" WHERE "users"."id" = $1 LIMIT $2[0m  [["id", 1], ["LIMIT", 1]]
  ↳ app/api/api/v1/resources/users.rb:70
  [1m[36mUser Load (0.5ms)[0m  [1m[34mSELECT "users".* FROM "users" INNER JOIN "followers" ON "users"."id" = "followers"."user_id" WHERE "followers"."follower_id" = $1[0m  [["follower_id", 1]]
  ↳ app/models/user.rb:25
  [1m[36mUser Load (0.4ms)[0m  [1m[34mSELECT "users".* FROM "users" INNER JOIN "followers" ON "users"."id" = "followers"."follower_id" WHERE "followers"."user_id" = $1[0m  [["user_id", 1]]
  ↳ app/models/user.rb:25
  [1m[36mSleepingRecord Load (0.4ms)[0m  [1m[34mSELECT "sleeping_records".* FROM "sleeping_records" WHERE "sleeping_records"."user_id" = $1 AND "sleeping_records"."date" BETWEEN $2 AND $3 ORDER BY "sleeping_records"."date" ASC[0m  [["user_id", 2], ["date", "2019-06-15"], ["date", "2019-06-22"]]
  ↳ app/models/sleeping_record.rb:28
  [1m[36mUser Load (0.3ms)[0m  [1m[34mSELECT  "users".* FROM "users" WHERE "users"."id" = $1 LIMIT $2[0m  [["id", 2], ["LIMIT", 1]]
  ↳ app/api/api/v1/entities/sleep_record.rb:16
  [1m[36mCACHE User Load (0.0ms)[0m  [1m[34mSELECT  "users".* FROM "users" WHERE "users"."id" = $1 LIMIT $2[0m  [["id", 2], ["LIMIT", 1]]
  ↳ app/api/api/v1/entities/sleep_record.rb:16
  [1m[36mCACHE User Load (0.0ms)[0m  [1m[34mSELECT  "users".* FROM "users" WHERE "users"."id" = $1 LIMIT $2[0m  [["id", 2], ["LIMIT", 1]]
  ↳ app/api/api/v1/entities/sleep_record.rb:16
  [1m[36mSleepingRecord Load (0.2ms)[0m  [1m[34mSELECT "sleeping_records".* FROM "sleeping_records" WHERE "sleeping_records"."user_id" = $1 AND "sleeping_records"."date" BETWEEN $2 AND $3 ORDER BY "sleeping_records"."date" ASC[0m  [["user_id", 3], ["date", "2019-06-15"], ["date", "2019-06-22"]]
  ↳ app/models/sleeping_record.rb:28
  [1m[36mUser Load (0.2ms)[0m  [1m[34mSELECT  "users".* FROM "users" WHERE "users"."id" = $1 LIMIT $2[0m  [["id", 3], ["LIMIT", 1]]
  ↳ app/api/api/v1/entities/sleep_record.rb:16
  [1m[36mCACHE User Load (0.0ms)[0m  [1m[34mSELECT  "users".* FROM "users" WHERE "users"."id" = $1 LIMIT $2[0m  [["id", 3], ["LIMIT", 1]]
  ↳ app/api/api/v1/entities/sleep_record.rb:16
